Using pre-set license
Built from '2020.2/release' branch; Version is '2020.2.2f1 (068178b99f32) revision 426360'; Using compiler version '192528614'; Build Type 'Release'
OS: 'Windows 10 Home; OS build 19041.867; Version 2004; 64bit' Language: 'en' Physical Memory: 16111 MB
BatchMode: 1, IsHumanControllingUs: 0, StartBugReporterOnCrash: 0, Is64bit: 1, IsPro: 0

 COMMAND LINE ARGUMENTS:
C:\Program Files\Unity\Hub\Editor\2020.2.2f1\Editor\Unity.exe
-adb2
-batchMode
-noUpm
-name
AssetImportWorker0
-projectPath
C:/Users/samle/OneDrive/Documents/GitHub/ProceduralAnimation
-logFile
Logs/AssetImportWorker0.log
-srvPort
55979
Successfully changed project path to: C:/Users/samle/OneDrive/Documents/GitHub/ProceduralAnimation
C:/Users/samle/OneDrive/Documents/GitHub/ProceduralAnimation
Using Asset Import Pipeline V2.
Refreshing native plugins compatible for Editor in 166.83 ms, found 0 plugins.
Preloading 0 native plugins for Editor in 0.00 ms.
Initialize engine version: 2020.2.2f1 (068178b99f32)
[Subsystems] Discovering subsystems at path C:/Program Files/Unity/Hub/Editor/2020.2.2f1/Editor/Data/Resources/UnitySubsystems
[Subsystems] Discovering subsystems at path C:/Users/samle/OneDrive/Documents/GitHub/ProceduralAnimation/Assets
GfxDevice: creating device client; threaded=0
Direct3D:
    Version:  Direct3D 11.0 [level 11.1]
    Renderer: NVIDIA GeForce GTX 1650 (ID=0x1f91)
    Vendor:   
    VRAM:     3964 MB
    Driver:   27.21.14.5751
Initialize mono
Mono path[0] = 'C:/Program Files/Unity/Hub/Editor/2020.2.2f1/Editor/Data/Managed'
Mono path[1] = 'C:/Program Files/Unity/Hub/Editor/2020.2.2f1/Editor/Data/MonoBleedingEdge/lib/mono/unityjit'
Mono config path = 'C:/Program Files/Unity/Hub/Editor/2020.2.2f1/Editor/Data/MonoBleedingEdge/etc'
Using monoOptions --debugger-agent=transport=dt_socket,embedding=1,server=y,suspend=n,address=127.0.0.1:56724
Begin MonoManager ReloadAssembly
Registering precompiled unity dll's ...
Register platform support module: C:/Program Files/Unity/Hub/Editor/2020.2.2f1/Editor/Data/PlaybackEngines/WindowsStandaloneSupport/UnityEditor.WindowsStandalone.Extensions.dll
Registered in 0.003368 seconds.
Native extension for WindowsStandalone target not found
Refreshing native plugins compatible for Editor in 129.11 ms, found 0 plugins.
Preloading 0 native plugins for Editor in 0.00 ms.
Invoked RoslynAnalysisRunner static constructor.
RoslynAnalysisRunner will not be running.
RoslynAnalysisRunner has terminated.
Mono: successfully reloaded assembly
- Completed reload, in  2.065 seconds
Platform modules already initialized, skipping
Registering precompiled user dll's ...
Registered in 0.005788 seconds.
Begin MonoManager ReloadAssembly
Native extension for WindowsStandalone target not found
Refreshing native plugins compatible for Editor in 137.30 ms, found 0 plugins.
Preloading 0 native plugins for Editor in 0.00 ms.
Invoked RoslynAnalysisRunner static constructor.
RoslynAnalysisRunner will not be running.
RoslynAnalysisRunner has terminated.
Mono: successfully reloaded assembly
- Completed reload, in  2.078 seconds
Platform modules already initialized, skipping
========================================================================
Worker process is ready to serve import requests
Shader 'Universal Render Pipeline/Particles/Lit': fallback shader 'Universal Render Pipeline/Particles/SimpleLit' not found
Shader 'Universal Render Pipeline/Particles/Lit': fallback shader 'Universal Render Pipeline/Particles/SimpleLit' not found
Launched and connected shader compiler UnityShaderCompiler.exe after 0.06 seconds
Refreshing native plugins compatible for Editor in 2.15 ms, found 0 plugins.
Preloading 0 native plugins for Editor in 0.00 ms.
Unloading 2621 Unused Serialized files (Serialized files now loaded: 0)
System memory in use before: 127.1 MB.
System memory in use after: 125.0 MB.

Unloading 46 unused Assets to reduce memory usage. Loaded Objects now: 3025.
Total: 5.589800 ms (FindLiveObjects: 0.454200 ms CreateObjectMapping: 0.253000 ms MarkObjects: 3.146500 ms  DeleteObjects: 1.733700 ms)

========================================================================
Received Import Request.
  path: Assets/PreFabs
  artifactKey: Guid(b793e2d44902e99488e596e3c76eb74d) Importer(815301076,1909f56bfc062723c751e8b465ee728b)
Start importing Assets/PreFabs using Guid(b793e2d44902e99488e596e3c76eb74d) Importer(815301076,1909f56bfc062723c751e8b465ee728b)  -> (artifact id: '370af703aa5c362be7df6d13ff0c99d1') in 0.013109 seconds
  Import took 0.020838 seconds .

========================================================================
Received Import Request.
  Time since last request: 16.753798 seconds.
  path: Assets/PreFabs/Player.prefab
  artifactKey: Guid(77901d154e4db654ea57e1fa5e1c8918) Importer(815301076,1909f56bfc062723c751e8b465ee728b)
Start importing Assets/PreFabs/Player.prefab using Guid(77901d154e4db654ea57e1fa5e1c8918) Importer(815301076,1909f56bfc062723c751e8b465ee728b)  -> (artifact id: 'ccbf511fecf447161c756f716d145618') in 0.330788 seconds
  Import took 0.337272 seconds .

========================================================================
Received Import Request.
  Time since last request: 0.002089 seconds.
  path: Assets/PreFabs/Player.prefab
  artifactKey: Guid(77901d154e4db654ea57e1fa5e1c8918) Importer(815301076,1909f56bfc062723c751e8b465ee728b)
Start importing Assets/PreFabs/Player.prefab using Guid(77901d154e4db654ea57e1fa5e1c8918) Importer(815301076,1909f56bfc062723c751e8b465ee728b)  -> (artifact id: 'ccbf511fecf447161c756f716d145618') in 0.022714 seconds
  Import took 0.029267 seconds .

========================================================================
Received Import Request.
  Time since last request: 11.904206 seconds.
  path: Assets/PolygonFantasyKingdom/Scenes
  artifactKey: Guid(219c9672470dfbe438ba36d4d4e49f62) Importer(815301076,1909f56bfc062723c751e8b465ee728b)
Start importing Assets/PolygonFantasyKingdom/Scenes using Guid(219c9672470dfbe438ba36d4d4e49f62) Importer(815301076,1909f56bfc062723c751e8b465ee728b)  -> (artifact id: '9ea0cb6019f92aeb3e3b77cd3147b3ff') in 0.007296 seconds
  Import took 0.012682 seconds .

========================================================================
Received Import Request.
  Time since last request: 2.657407 seconds.
  path: Assets/PolygonFantasyKingdom/Scenes/Demo_ExteriorOnly_Optimized.unity
  artifactKey: Guid(5840491f9dde1b349bd9dde4b6f2d7b7) Importer(815301076,1909f56bfc062723c751e8b465ee728b)
Start importing Assets/PolygonFantasyKingdom/Scenes/Demo_ExteriorOnly_Optimized.unity using Guid(5840491f9dde1b349bd9dde4b6f2d7b7) Importer(815301076,1909f56bfc062723c751e8b465ee728b)  -> (artifact id: '1381b0d87a300a52bed252f9ddf26f31') in 0.006706 seconds
  Import took 0.011257 seconds .

========================================================================
Received Import Request.
  Time since last request: 0.615094 seconds.
  path: Assets/PolygonFantasyKingdom/Scenes/Demo_Layout_Houses_With_Interiors.unity
  artifactKey: Guid(8628dfddd4d59ab42a0f10d2359cf19f) Importer(815301076,1909f56bfc062723c751e8b465ee728b)
Start importing Assets/PolygonFantasyKingdom/Scenes/Demo_Layout_Houses_With_Interiors.unity using Guid(8628dfddd4d59ab42a0f10d2359cf19f) Importer(815301076,1909f56bfc062723c751e8b465ee728b)  -> (artifact id: '03051af3bf17f05869041be5fd603c3f') in 0.006701 seconds
  Import took 0.011732 seconds .

========================================================================
Received Import Request.
  Time since last request: 23.177496 seconds.
  path: Assets/PolygonFantasyKingdom/Textures
  artifactKey: Guid(ed63309aa7cd4ed4abd67bed7f221cde) Importer(815301076,1909f56bfc062723c751e8b465ee728b)
Start importing Assets/PolygonFantasyKingdom/Textures using Guid(ed63309aa7cd4ed4abd67bed7f221cde) Importer(815301076,1909f56bfc062723c751e8b465ee728b)  -> (artifact id: '85aabab9a537f02157e84dfbb56832ea') in 0.006808 seconds
  Import took 0.011893 seconds .

========================================================================
Received Import Request.
  Time since last request: 0.068999 seconds.
  path: Assets/PolygonFantasyKingdom/Textures/PolygonFantasyKingdom_Texture_01_A.png
  artifactKey: Guid(270fd5c64f7118c4495be93b7ce2530c) Importer(815301076,1909f56bfc062723c751e8b465ee728b)
Start importing Assets/PolygonFantasyKingdom/Textures/PolygonFantasyKingdom_Texture_01_A.png using Guid(270fd5c64f7118c4495be93b7ce2530c) Importer(815301076,1909f56bfc062723c751e8b465ee728b)  -> (artifact id: '64a429504da4444ed5ae5141c1ad61c6') in 0.075690 seconds
  Import took 0.081081 seconds .

========================================================================
Received Import Request.
  Time since last request: 0.000359 seconds.
  path: Assets/PolygonFantasyKingdom/Textures/PolygonFantasyKingdom_Texture_02_A.png
  artifactKey: Guid(15824d4b0cec9da479fa593d05e15a67) Importer(815301076,1909f56bfc062723c751e8b465ee728b)
Start importing Assets/PolygonFantasyKingdom/Textures/PolygonFantasyKingdom_Texture_02_A.png using Guid(15824d4b0cec9da479fa593d05e15a67) Importer(815301076,1909f56bfc062723c751e8b465ee728b)  -> (artifact id: '4f257d8cec006ada8125e5fa0300fbdd') in 0.030023 seconds
  Import took 0.037195 seconds .

========================================================================
Received Import Request.
  Time since last request: 0.000312 seconds.
  path: Assets/PolygonFantasyKingdom/Textures/PolygonFantasyKingdom_Texture_03_A.png
  artifactKey: Guid(b673e45a7b841c74eb1c847eef94e748) Importer(815301076,1909f56bfc062723c751e8b465ee728b)
Start importing Assets/PolygonFantasyKingdom/Textures/PolygonFantasyKingdom_Texture_03_A.png using Guid(b673e45a7b841c74eb1c847eef94e748) Importer(815301076,1909f56bfc062723c751e8b465ee728b)  -> (artifact id: '34ea2e265c276b21249591c5ad3971a3') in 0.025990 seconds
  Import took 0.033118 seconds .

========================================================================
Received Import Request.
  Time since last request: 0.000354 seconds.
  path: Assets/PolygonFantasyKingdom/Textures/PolygonFantasyKingdom_Texture_02_A.png
  artifactKey: Guid(15824d4b0cec9da479fa593d05e15a67) Importer(815301076,1909f56bfc062723c751e8b465ee728b)
Start importing Assets/PolygonFantasyKingdom/Textures/PolygonFantasyKingdom_Texture_02_A.png using Guid(15824d4b0cec9da479fa593d05e15a67) Importer(815301076,1909f56bfc062723c751e8b465ee728b)  -> (artifact id: '4f257d8cec006ada8125e5fa0300fbdd') in 0.021920 seconds
  Import took 0.027872 seconds .

========================================================================
Received Import Request.
  Time since last request: 0.000311 seconds.
  path: Assets/PolygonFantasyKingdom/Textures/PolygonFantasyKingdom_Texture_03_A.png
  artifactKey: Guid(b673e45a7b841c74eb1c847eef94e748) Importer(815301076,1909f56bfc062723c751e8b465ee728b)
Start importing Assets/PolygonFantasyKingdom/Textures/PolygonFantasyKingdom_Texture_03_A.png using Guid(b673e45a7b841c74eb1c847eef94e748) Importer(815301076,1909f56bfc062723c751e8b465ee728b)  -> (artifact id: '34ea2e265c276b21249591c5ad3971a3') in 0.022932 seconds
  Import took 0.028931 seconds .

========================================================================
Received Import Request.
  Time since last request: 0.330719 seconds.
  path: Assets/PolygonFantasyKingdom/Textures/PolygonFantasyKingdom_Texture_04_A.png
  artifactKey: Guid(aaf9424602452d6409ff6e72a7b18f52) Importer(815301076,1909f56bfc062723c751e8b465ee728b)
Start importing Assets/PolygonFantasyKingdom/Textures/PolygonFantasyKingdom_Texture_04_A.png using Guid(aaf9424602452d6409ff6e72a7b18f52) Importer(815301076,1909f56bfc062723c751e8b465ee728b)  -> (artifact id: '9c4d45420c9bf7d53b5a784bc0e6c603') in 0.024693 seconds
  Import took 0.030335 seconds .

========================================================================
Received Import Request.
  Time since last request: 5.327863 seconds.
  path: Assets/PolygonFantasyKingdom/Prefabs
  artifactKey: Guid(cec66ae6e0602e54abef562650168b28) Importer(815301076,1909f56bfc062723c751e8b465ee728b)
Start importing Assets/PolygonFantasyKingdom/Prefabs using Guid(cec66ae6e0602e54abef562650168b28) Importer(815301076,1909f56bfc062723c751e8b465ee728b)  -> (artifact id: 'fa1e1df1055466f5837fe35dd4825d99') in 0.007416 seconds
  Import took 0.012734 seconds .

========================================================================
Received Import Request.
  Time since last request: 4.542301 seconds.
  path: Assets/PolygonFantasyKingdom/Materials
  artifactKey: Guid(8745814a0cc532044bf8af9962b3c8e4) Importer(815301076,1909f56bfc062723c751e8b465ee728b)
Start importing Assets/PolygonFantasyKingdom/Materials using Guid(8745814a0cc532044bf8af9962b3c8e4) Importer(815301076,1909f56bfc062723c751e8b465ee728b)  -> (artifact id: '002e672a8fcc16950096c8355748b5aa') in 0.009107 seconds
  Import took 0.016893 seconds .

========================================================================
Received Prepare
Registering precompiled user dll's ...
Registered in 0.002198 seconds.
Begin MonoManager ReloadAssembly
Native extension for WindowsStandalone target not found
Refreshing native plugins compatible for Editor in 0.98 ms, found 0 plugins.
Preloading 0 native plugins for Editor in 0.00 ms.
Invalid AssetDatabase path: /Editor/EditorResources/cm_logo_sm.png. Use path relative to the project folder.
UnityEngine.StackTraceUtility:ExtractStackTrace ()
UnityEditor.AssetDatabase:LoadAssetAtPath<UnityEngine.Texture2D> (string)
Cinemachine.Editor.CinemachineSettings:get_CinemachineLogoTexture () (at Library/PackageCache/com.unity.cinemachine@2.6.4/Editor/Windows/CinemachineSettings.cs:205)
Cinemachine.Editor.CinemachineSettings:.cctor () (at Library/PackageCache/com.unity.cinemachine@2.6.4/Editor/Windows/CinemachineSettings.cs:237)
Cinemachine.CinemachineColliderPrefs:.cctor () (at Library/PackageCache/com.unity.cinemachine@2.6.4/Editor/Windows/CinemachineColliderPrefs.cs:61)
System.Runtime.CompilerServices.RuntimeHelpers:RunClassConstructor (System.RuntimeTypeHandle)
UnityEditor.EditorAssemblies:ProcessInitializeOnLoadAttributes (System.Type[])

[Library/PackageCache/com.unity.cinemachine@2.6.4/Editor/Windows/CinemachineSettings.cs line 205]

Invoked RoslynAnalysisRunner static constructor.
RoslynAnalysisRunner will not be running.
RoslynAnalysisRunner has terminated.
Mono: successfully reloaded assembly
- Completed reload, in  1.226 seconds
Platform modules already initialized, skipping
Shader 'Universal Render Pipeline/Particles/Lit': fallback shader 'Universal Render Pipeline/Particles/SimpleLit' not found
Shader 'Universal Render Pipeline/Particles/Lit': fallback shader 'Universal Render Pipeline/Particles/SimpleLit' not found
Refreshing native plugins compatible for Editor in 1.04 ms, found 0 plugins.
Preloading 0 native plugins for Editor in 0.00 ms.
Unloading 2690 Unused Serialized files (Serialized files now loaded: 0)
System memory in use before: 145.0 MB.
System memory in use after: 142.9 MB.

Unloading 42 unused Assets to reduce memory usage. Loaded Objects now: 3220.
Total: 4.171400 ms (FindLiveObjects: 0.392900 ms CreateObjectMapping: 0.205100 ms MarkObjects: 2.396700 ms  DeleteObjects: 1.175300 ms)

========================================================================
Received Import Request.
  Time since last request: 573.744640 seconds.
  path: Assets/Samples/Cinemachine/2.6.4/Cinemachine Example Scenes
  artifactKey: Guid(ad6fd833e5140f747a158f5e21b5a5fb) Importer(815301076,1909f56bfc062723c751e8b465ee728b)
Start importing Assets/Samples/Cinemachine/2.6.4/Cinemachine Example Scenes using Guid(ad6fd833e5140f747a158f5e21b5a5fb) Importer(815301076,1909f56bfc062723c751e8b465ee728b)  -> (artifact id: 'f25554a1b062929d99226de01ee98d0f') in 0.013409 seconds
  Import took 0.018704 seconds .

========================================================================
Received Prepare
Registering precompiled user dll's ...
Registered in 0.002483 seconds.
Begin MonoManager ReloadAssembly
Native extension for WindowsStandalone target not found
Refreshing native plugins compatible for Editor in 0.97 ms, found 0 plugins.
Preloading 0 native plugins for Editor in 0.00 ms.
Invoked RoslynAnalysisRunner static constructor.
RoslynAnalysisRunner will not be running.
RoslynAnalysisRunner has terminated.
Mono: successfully reloaded assembly
- Completed reload, in  0.987 seconds
Platform modules already initialized, skipping
Shader 'Universal Render Pipeline/Particles/Lit': fallback shader 'Universal Render Pipeline/Particles/SimpleLit' not found
Shader 'Universal Render Pipeline/Particles/Lit': fallback shader 'Universal Render Pipeline/Particles/SimpleLit' not found
Refreshing native plugins compatible for Editor in 1.02 ms, found 0 plugins.
Preloading 0 native plugins for Editor in 0.00 ms.
Unloading 2714 Unused Serialized files (Serialized files now loaded: 0)
System memory in use before: 146.9 MB.
System memory in use after: 144.8 MB.

Unloading 44 unused Assets to reduce memory usage. Loaded Objects now: 3245.
Total: 4.191800 ms (FindLiveObjects: 0.264100 ms CreateObjectMapping: 0.133900 ms MarkObjects: 2.539600 ms  DeleteObjects: 1.253000 ms)

========================================================================
Received Import Request.
  Time since last request: 50.295636 seconds.
  path: ProjectSettings/TagManager.asset
  artifactKey: Guid(00000000000000003000000000000000) Importer(815301076,1909f56bfc062723c751e8b465ee728b)
Start importing ProjectSettings/TagManager.asset using Guid(00000000000000003000000000000000) Importer(815301076,1909f56bfc062723c751e8b465ee728b)  -> (artifact id: '95411971f730e82f0bbbd23a4f13c4b5') in 0.024487 seconds
  Import took 0.029813 seconds .

========================================================================
Received Prepare
Registering precompiled user dll's ...
Registered in 0.002308 seconds.
Begin MonoManager ReloadAssembly
Native extension for WindowsStandalone target not found
Refreshing native plugins compatible for Editor in 0.99 ms, found 0 plugins.
Preloading 0 native plugins for Editor in 0.00 ms.
Invoked RoslynAnalysisRunner static constructor.
RoslynAnalysisRunner will not be running.
RoslynAnalysisRunner has terminated.
Mono: successfully reloaded assembly
- Completed reload, in  0.970 seconds
Platform modules already initialized, skipping
Shader 'Universal Render Pipeline/Particles/Lit': fallback shader 'Universal Render Pipeline/Particles/SimpleLit' not found
Shader 'Universal Render Pipeline/Particles/Lit': fallback shader 'Universal Render Pipeline/Particles/SimpleLit' not found
Refreshing native plugins compatible for Editor in 0.96 ms, found 0 plugins.
Preloading 0 native plugins for Editor in 0.00 ms.
Unloading 2713 Unused Serialized files (Serialized files now loaded: 0)
System memory in use before: 146.8 MB.
System memory in use after: 144.7 MB.

Unloading 45 unused Assets to reduce memory usage. Loaded Objects now: 3247.
Total: 6.358200 ms (FindLiveObjects: 0.583900 ms CreateObjectMapping: 0.285600 ms MarkObjects: 3.484500 ms  DeleteObjects: 2.002400 ms)

========================================================================
Received Import Request.
  Time since last request: 660.402021 seconds.
  path: Assets
  artifactKey: Guid(00000000000000001000000000000000) Importer(815301076,1909f56bfc062723c751e8b465ee728b)
Start importing Assets using Guid(00000000000000001000000000000000) Importer(815301076,1909f56bfc062723c751e8b465ee728b)  -> (artifact id: '4a6e520b92ccfc61bcfa21a7bcab8468') in 0.010531 seconds
  Import took 0.015293 seconds .

========================================================================
Received Import Request.
  Time since last request: 8.463874 seconds.
  path: Assets/Art
  artifactKey: Guid(db2ffad91ac0cbd47b97b7b2649af8f4) Importer(815301076,1909f56bfc062723c751e8b465ee728b)
Start importing Assets/Art using Guid(db2ffad91ac0cbd47b97b7b2649af8f4) Importer(815301076,1909f56bfc062723c751e8b465ee728b)  -> (artifact id: '9a520d0dc83eb8b479c617f893274b6f') in 0.007793 seconds
  Import took 0.012335 seconds .

========================================================================
Received Import Request.
  Time since last request: 3.607491 seconds.
  path: Assets/Art/uploads_files_2648598_spider.fbx
  artifactKey: Guid(dca79739eeeba764e911b099f1c890e9) Importer(815301076,1909f56bfc062723c751e8b465ee728b)
Start importing Assets/Art/uploads_files_2648598_spider.fbx using Guid(dca79739eeeba764e911b099f1c890e9) Importer(815301076,1909f56bfc062723c751e8b465ee728b)  -> (artifact id: '928752bbc0fd40ce3a233acfb7f92b11') in 0.500913 seconds
  Import took 0.505730 seconds .

========================================================================
Received Prepare
Registering precompiled user dll's ...
Registered in 0.002655 seconds.
Begin MonoManager ReloadAssembly
Native extension for WindowsStandalone target not found
Refreshing native plugins compatible for Editor in 0.96 ms, found 0 plugins.
Preloading 0 native plugins for Editor in 0.00 ms.
Invoked RoslynAnalysisRunner static constructor.
RoslynAnalysisRunner will not be running.
RoslynAnalysisRunner has terminated.
Mono: successfully reloaded assembly
- Completed reload, in  0.984 seconds
Platform modules already initialized, skipping
Shader 'Universal Render Pipeline/Particles/Lit': fallback shader 'Universal Render Pipeline/Particles/SimpleLit' not found
Shader 'Universal Render Pipeline/Particles/Lit': fallback shader 'Universal Render Pipeline/Particles/SimpleLit' not found
Refreshing native plugins compatible for Editor in 0.95 ms, found 0 plugins.
Preloading 0 native plugins for Editor in 0.00 ms.
Unloading 2713 Unused Serialized files (Serialized files now loaded: 0)
System memory in use before: 147.8 MB.
System memory in use after: 145.7 MB.

Unloading 44 unused Assets to reduce memory usage. Loaded Objects now: 3323.
Total: 4.153200 ms (FindLiveObjects: 0.302200 ms CreateObjectMapping: 0.195500 ms MarkObjects: 2.445300 ms  DeleteObjects: 1.208800 ms)

========================================================================
Received Prepare
Registering precompiled user dll's ...
Registered in 0.002210 seconds.
Begin MonoManager ReloadAssembly
Native extension for WindowsStandalone target not found
Refreshing native plugins compatible for Editor in 0.93 ms, found 0 plugins.
Preloading 0 native plugins for Editor in 0.00 ms.
Invoked RoslynAnalysisRunner static constructor.
RoslynAnalysisRunner will not be running.
RoslynAnalysisRunner has terminated.
Mono: successfully reloaded assembly
- Completed reload, in  0.938 seconds
Platform modules already initialized, skipping
Shader 'Universal Render Pipeline/Particles/Lit': fallback shader 'Universal Render Pipeline/Particles/SimpleLit' not found
Shader 'Universal Render Pipeline/Particles/Lit': fallback shader 'Universal Render Pipeline/Particles/SimpleLit' not found
Refreshing native plugins compatible for Editor in 0.98 ms, found 0 plugins.
Preloading 0 native plugins for Editor in 0.00 ms.
Unloading 2713 Unused Serialized files (Serialized files now loaded: 0)
System memory in use before: 147.8 MB.
System memory in use after: 145.7 MB.

Unloading 44 unused Assets to reduce memory usage. Loaded Objects now: 3325.
Total: 4.417700 ms (FindLiveObjects: 0.289300 ms CreateObjectMapping: 0.124600 ms MarkObjects: 2.696200 ms  DeleteObjects: 1.306300 ms)

========================================================================
Received Prepare
Registering precompiled user dll's ...
Registered in 0.002280 seconds.
Begin MonoManager ReloadAssembly
Native extension for WindowsStandalone target not found
Refreshing native plugins compatible for Editor in 0.94 ms, found 0 plugins.
Preloading 0 native plugins for Editor in 0.00 ms.
Invoked RoslynAnalysisRunner static constructor.
RoslynAnalysisRunner will not be running.
RoslynAnalysisRunner has terminated.
Mono: successfully reloaded assembly
- Completed reload, in  0.908 seconds
Platform modules already initialized, skipping
Shader 'Universal Render Pipeline/Particles/Lit': fallback shader 'Universal Render Pipeline/Particles/SimpleLit' not found
Shader 'Universal Render Pipeline/Particles/Lit': fallback shader 'Universal Render Pipeline/Particles/SimpleLit' not found
Refreshing native plugins compatible for Editor in 0.97 ms, found 0 plugins.
Preloading 0 native plugins for Editor in 0.00 ms.
Unloading 2713 Unused Serialized files (Serialized files now loaded: 0)
System memory in use before: 147.8 MB.
System memory in use after: 145.7 MB.

Unloading 44 unused Assets to reduce memory usage. Loaded Objects now: 3327.
Total: 4.123900 ms (FindLiveObjects: 0.278200 ms CreateObjectMapping: 0.145400 ms MarkObjects: 2.437800 ms  DeleteObjects: 1.261500 ms)

========================================================================
Received Prepare
Registering precompiled user dll's ...
Registered in 0.002435 seconds.
Begin MonoManager ReloadAssembly
Native extension for WindowsStandalone target not found
Refreshing native plugins compatible for Editor in 1.23 ms, found 0 plugins.
Preloading 0 native plugins for Editor in 0.00 ms.
Invoked RoslynAnalysisRunner static constructor.
RoslynAnalysisRunner will not be running.
RoslynAnalysisRunner has terminated.
Mono: successfully reloaded assembly
- Completed reload, in  1.235 seconds
Platform modules already initialized, skipping
Shader 'Universal Render Pipeline/Particles/Lit': fallback shader 'Universal Render Pipeline/Particles/SimpleLit' not found
Shader 'Universal Render Pipeline/Particles/Lit': fallback shader 'Universal Render Pipeline/Particles/SimpleLit' not found
Refreshing native plugins compatible for Editor in 1.14 ms, found 0 plugins.
Preloading 0 native plugins for Editor in 0.00 ms.
Unloading 2713 Unused Serialized files (Serialized files now loaded: 0)
System memory in use before: 147.8 MB.
System memory in use after: 145.8 MB.

Unloading 44 unused Assets to reduce memory usage. Loaded Objects now: 3329.
Total: 6.117200 ms (FindLiveObjects: 0.518700 ms CreateObjectMapping: 0.252700 ms MarkObjects: 2.780400 ms  DeleteObjects: 2.564000 ms)

========================================================================
Received Import Request.
  Time since last request: 11772.326631 seconds.
  path: Assets/SpiderProceduralAnimation-master/SpiderProceduralAnimation-master/Scripts/SpiderController.cs
  artifactKey: Guid(69c97196b76ba904d8b19d79f137976d) Importer(815301076,1909f56bfc062723c751e8b465ee728b)
Start importing Assets/SpiderProceduralAnimation-master/SpiderProceduralAnimation-master/Scripts/SpiderController.cs using Guid(69c97196b76ba904d8b19d79f137976d) Importer(815301076,1909f56bfc062723c751e8b465ee728b)  -> (artifact id: 'edc793524d08b2dac8527a20453bd9a4') in 0.011901 seconds
  Import took 0.017046 seconds .

========================================================================
Received Import Request.
  Time since last request: 0.013982 seconds.
  path: Assets/SpiderProceduralAnimation-master/SpiderProceduralAnimation-master/Scripts/SpiderController.cs
  artifactKey: Guid(69c97196b76ba904d8b19d79f137976d) Importer(815301076,1909f56bfc062723c751e8b465ee728b)
Start importing Assets/SpiderProceduralAnimation-master/SpiderProceduralAnimation-master/Scripts/SpiderController.cs using Guid(69c97196b76ba904d8b19d79f137976d) Importer(815301076,1909f56bfc062723c751e8b465ee728b)  -> (artifact id: 'edc793524d08b2dac8527a20453bd9a4') in 0.002657 seconds
  Import took 0.007345 seconds .

========================================================================
Received Import Request.
  Time since last request: 2.647773 seconds.
  path: Assets/SpiderProceduralAnimation-master/SpiderProceduralAnimation-master/Scripts/SpiderProceduralAnimation.cs
  artifactKey: Guid(8919d942526ecf04eb2bb9ff8976d485) Importer(815301076,1909f56bfc062723c751e8b465ee728b)
Start importing Assets/SpiderProceduralAnimation-master/SpiderProceduralAnimation-master/Scripts/SpiderProceduralAnimation.cs using Guid(8919d942526ecf04eb2bb9ff8976d485) Importer(815301076,1909f56bfc062723c751e8b465ee728b)  -> (artifact id: '9585f628c64ac56b8aee03bbf84062cc') in 0.006339 seconds
  Import took 0.011562 seconds .

========================================================================
Received Import Request.
  Time since last request: 0.001382 seconds.
  path: Assets/SpiderProceduralAnimation-master/SpiderProceduralAnimation-master/Scripts/SpiderProceduralAnimation.cs
  artifactKey: Guid(8919d942526ecf04eb2bb9ff8976d485) Importer(815301076,1909f56bfc062723c751e8b465ee728b)
Start importing Assets/SpiderProceduralAnimation-master/SpiderProceduralAnimation-master/Scripts/SpiderProceduralAnimation.cs using Guid(8919d942526ecf04eb2bb9ff8976d485) Importer(815301076,1909f56bfc062723c751e8b465ee728b)  -> (artifact id: '9585f628c64ac56b8aee03bbf84062cc') in 0.002571 seconds
  Import took 0.007236 seconds .

========================================================================
Received Import Request.
  Time since last request: 605.850296 seconds.
  path: Assets/PreFabs/Spider.prefab
  artifactKey: Guid(244f95eef6338824786d1a48c65893b6) Importer(815301076,1909f56bfc062723c751e8b465ee728b)
Start importing Assets/PreFabs/Spider.prefab using Guid(244f95eef6338824786d1a48c65893b6) Importer(815301076,1909f56bfc062723c751e8b465ee728b)  -> (artifact id: '02a876bf8fc6f2a49fbd4fefaa6bfa95') in 0.195743 seconds
  Import took 0.202492 seconds .

========================================================================
Received Prepare
Registering precompiled user dll's ...
Registered in 0.002233 seconds.
Begin MonoManager ReloadAssembly
Native extension for WindowsStandalone target not found
Refreshing native plugins compatible for Editor in 1.00 ms, found 0 plugins.
Preloading 0 native plugins for Editor in 0.00 ms.
Invoked RoslynAnalysisRunner static constructor.
RoslynAnalysisRunner will not be running.
RoslynAnalysisRunner has terminated.
Mono: successfully reloaded assembly
- Completed reload, in  1.006 seconds
Platform modules already initialized, skipping
Shader 'Universal Render Pipeline/Particles/Lit': fallback shader 'Universal Render Pipeline/Particles/SimpleLit' not found
Shader 'Universal Render Pipeline/Particles/Lit': fallback shader 'Universal Render Pipeline/Particles/SimpleLit' not found
Refreshing native plugins compatible for Editor in 1.01 ms, found 0 plugins.
Preloading 0 native plugins for Editor in 0.00 ms.
Unloading 2713 Unused Serialized files (Serialized files now loaded: 0)
System memory in use before: 147.8 MB.
System memory in use after: 145.7 MB.

Unloading 44 unused Assets to reduce memory usage. Loaded Objects now: 3367.
Total: 3.810200 ms (FindLiveObjects: 0.433300 ms CreateObjectMapping: 0.156400 ms MarkObjects: 1.875500 ms  DeleteObjects: 1.344100 ms)

========================================================================
Received Prepare
Registering precompiled user dll's ...
Registered in 0.002314 seconds.
Begin MonoManager ReloadAssembly
Native extension for WindowsStandalone target not found
Refreshing native plugins compatible for Editor in 1.11 ms, found 0 plugins.
Preloading 0 native plugins for Editor in 0.00 ms.
Invoked RoslynAnalysisRunner static constructor.
RoslynAnalysisRunner will not be running.
RoslynAnalysisRunner has terminated.
Mono: successfully reloaded assembly
- Completed reload, in  1.067 seconds
Platform modules already initialized, skipping
Shader 'Universal Render Pipeline/Particles/Lit': fallback shader 'Universal Render Pipeline/Particles/SimpleLit' not found
Shader 'Universal Render Pipeline/Particles/Lit': fallback shader 'Universal Render Pipeline/Particles/SimpleLit' not found
Refreshing native plugins compatible for Editor in 1.06 ms, found 0 plugins.
Preloading 0 native plugins for Editor in 0.00 ms.
Unloading 2713 Unused Serialized files (Serialized files now loaded: 0)
System memory in use before: 148.0 MB.
System memory in use after: 145.9 MB.

Unloading 44 unused Assets to reduce memory usage. Loaded Objects now: 3369.
Total: 8.153700 ms (FindLiveObjects: 0.535000 ms CreateObjectMapping: 0.321600 ms MarkObjects: 4.712200 ms  DeleteObjects: 2.582700 ms)

========================================================================
Received Prepare
Registering precompiled user dll's ...
Registered in 0.003960 seconds.
Begin MonoManager ReloadAssembly
Native extension for WindowsStandalone target not found
Refreshing native plugins compatible for Editor in 1.41 ms, found 0 plugins.
Preloading 0 native plugins for Editor in 0.00 ms.
Invoked RoslynAnalysisRunner static constructor.
RoslynAnalysisRunner will not be running.
RoslynAnalysisRunner has terminated.
Mono: successfully reloaded assembly
- Completed reload, in  1.808 seconds
Platform modules already initialized, skipping
Shader 'Universal Render Pipeline/Particles/Lit': fallback shader 'Universal Render Pipeline/Particles/SimpleLit' not found
Shader 'Universal Render Pipeline/Particles/Lit': fallback shader 'Universal Render Pipeline/Particles/SimpleLit' not found
Refreshing native plugins compatible for Editor in 1.92 ms, found 0 plugins.
Preloading 0 native plugins for Editor in 0.00 ms.
Unloading 2713 Unused Serialized files (Serialized files now loaded: 0)
System memory in use before: 148.0 MB.
System memory in use after: 145.9 MB.

Unloading 44 unused Assets to reduce memory usage. Loaded Objects now: 3371.
Total: 6.724900 ms (FindLiveObjects: 0.584600 ms CreateObjectMapping: 0.264700 ms MarkObjects: 3.763300 ms  DeleteObjects: 2.110000 ms)

========================================================================
Received Prepare
Registering precompiled user dll's ...
Registered in 0.002247 seconds.
Begin MonoManager ReloadAssembly
Native extension for WindowsStandalone target not found
Refreshing native plugins compatible for Editor in 0.95 ms, found 0 plugins.
Preloading 0 native plugins for Editor in 0.00 ms.
Invoked RoslynAnalysisRunner static constructor.
RoslynAnalysisRunner will not be running.
RoslynAnalysisRunner has terminated.
Mono: successfully reloaded assembly
- Completed reload, in  0.972 seconds
Platform modules already initialized, skipping
Shader 'Universal Render Pipeline/Particles/Lit': fallback shader 'Universal Render Pipeline/Particles/SimpleLit' not found
Shader 'Universal Render Pipeline/Particles/Lit': fallback shader 'Universal Render Pipeline/Particles/SimpleLit' not found
Refreshing native plugins compatible for Editor in 1.09 ms, found 0 plugins.
Preloading 0 native plugins for Editor in 0.00 ms.
Unloading 2713 Unused Serialized files (Serialized files now loaded: 0)
System memory in use before: 148.0 MB.
System memory in use after: 145.9 MB.

Unloading 44 unused Assets to reduce memory usage. Loaded Objects now: 3373.
Total: 4.256600 ms (FindLiveObjects: 0.328000 ms CreateObjectMapping: 0.187700 ms MarkObjects: 2.425800 ms  DeleteObjects: 1.314100 ms)

========================================================================
Received Import Request.
  Time since last request: 2478.556664 seconds.
  path: Assets/PreFabs/PlayerOriginal.prefab
  artifactKey: Guid(77901d154e4db654ea57e1fa5e1c8918) Importer(815301076,1909f56bfc062723c751e8b465ee728b)
Start importing Assets/PreFabs/PlayerOriginal.prefab using Guid(77901d154e4db654ea57e1fa5e1c8918) Importer(815301076,1909f56bfc062723c751e8b465ee728b)  -> (artifact id: '1096f7f3d97dc026a7fda0cb9429cd5a') in 0.204537 seconds
  Import took 0.210856 seconds .

========================================================================
Received Import Request.
  Time since last request: 4.718442 seconds.
  path: Assets/PreFabs/Player.prefab
  artifactKey: Guid(29ecfea3d10fca14196e234408591ec5) Importer(815301076,1909f56bfc062723c751e8b465ee728b)
Start importing Assets/PreFabs/Player.prefab using Guid(29ecfea3d10fca14196e234408591ec5) Importer(815301076,1909f56bfc062723c751e8b465ee728b)  -> (artifact id: '807845a11b8b488b320abf1d9006983f') in 0.041697 seconds
  Import took 0.046517 seconds .

========================================================================
Received Prepare
Registering precompiled user dll's ...
Registered in 0.002213 seconds.
Begin MonoManager ReloadAssembly
Native extension for WindowsStandalone target not found
Refreshing native plugins compatible for Editor in 0.99 ms, found 0 plugins.
Preloading 0 native plugins for Editor in 0.00 ms.
Invoked RoslynAnalysisRunner static constructor.
RoslynAnalysisRunner will not be running.
RoslynAnalysisRunner has terminated.
Mono: successfully reloaded assembly
- Completed reload, in  0.957 seconds
Platform modules already initialized, skipping
Shader 'Universal Render Pipeline/Particles/Lit': fallback shader 'Universal Render Pipeline/Particles/SimpleLit' not found
Shader 'Universal Render Pipeline/Particles/Lit': fallback shader 'Universal Render Pipeline/Particles/SimpleLit' not found
Refreshing native plugins compatible for Editor in 0.98 ms, found 0 plugins.
Preloading 0 native plugins for Editor in 0.00 ms.
Unloading 2713 Unused Serialized files (Serialized files now loaded: 0)
System memory in use before: 148.1 MB.
System memory in use after: 146.0 MB.

Unloading 44 unused Assets to reduce memory usage. Loaded Objects now: 3411.
Total: 4.932800 ms (FindLiveObjects: 0.724500 ms CreateObjectMapping: 0.333300 ms MarkObjects: 2.409400 ms  DeleteObjects: 1.464100 ms)

========================================================================
Received Import Request.
  Time since last request: 366.731960 seconds.
  path: Assets/PreFabs/Player.prefab
  artifactKey: Guid(29ecfea3d10fca14196e234408591ec5) Importer(815301076,1909f56bfc062723c751e8b465ee728b)
Start importing Assets/PreFabs/Player.prefab using Guid(29ecfea3d10fca14196e234408591ec5) Importer(815301076,1909f56bfc062723c751e8b465ee728b)  -> (artifact id: 'fe0642a32da865f0cfe907e5f527e610') in 0.165434 seconds
  Import took 0.170754 seconds .

========================================================================
Received Prepare
Registering precompiled user dll's ...
Registered in 0.002391 seconds.
Begin MonoManager ReloadAssembly
Native extension for WindowsStandalone target not found
Refreshing native plugins compatible for Editor in 1.01 ms, found 0 plugins.
Preloading 0 native plugins for Editor in 0.00 ms.
Invoked RoslynAnalysisRunner static constructor.
RoslynAnalysisRunner will not be running.
RoslynAnalysisRunner has terminated.
Mono: successfully reloaded assembly
- Completed reload, in  0.940 seconds
Platform modules already initialized, skipping
Shader 'Universal Render Pipeline/Particles/Lit': fallback shader 'Universal Render Pipeline/Particles/SimpleLit' not found
Shader 'Universal Render Pipeline/Particles/Lit': fallback shader 'Universal Render Pipeline/Particles/SimpleLit' not found
Refreshing native plugins compatible for Editor in 1.06 ms, found 0 plugins.
Preloading 0 native plugins for Editor in 0.00 ms.
Unloading 2713 Unused Serialized files (Serialized files now loaded: 0)
System memory in use before: 148.3 MB.
System memory in use after: 146.2 MB.

Unloading 44 unused Assets to reduce memory usage. Loaded Objects now: 3449.
Total: 8.676400 ms (FindLiveObjects: 0.676200 ms CreateObjectMapping: 0.394900 ms MarkObjects: 4.875700 ms  DeleteObjects: 2.727600 ms)

========================================================================
Received Import Request.
  Time since last request: 218.279171 seconds.
  path: Assets/Scripts
  artifactKey: Guid(02a3527b6b33a924e8ec66aa805ea717) Importer(815301076,1909f56bfc062723c751e8b465ee728b)
Start importing Assets/Scripts using Guid(02a3527b6b33a924e8ec66aa805ea717) Importer(815301076,1909f56bfc062723c751e8b465ee728b)  -> (artifact id: '924e43eeedbc414cd7a4a7272521ccfb') in 0.012100 seconds
  Import took 0.018311 seconds .

========================================================================
Received Import Request.
  Time since last request: 14.295366 seconds.
  path: Assets/Scripts/EnemyAI.cs
  artifactKey: Guid(f07394d6d8a1e3b4d8af4943207a6ba9) Importer(815301076,1909f56bfc062723c751e8b465ee728b)
Start importing Assets/Scripts/EnemyAI.cs using Guid(f07394d6d8a1e3b4d8af4943207a6ba9) Importer(815301076,1909f56bfc062723c751e8b465ee728b)  -> (artifact id: '2183870aca721b32accc2cfa8ca203d9') in 0.007683 seconds
  Import took 0.013942 seconds .

========================================================================
Received Import Request.
  Time since last request: 0.000694 seconds.
  path: Assets/Scripts/EnemyAI.cs
  artifactKey: Guid(f07394d6d8a1e3b4d8af4943207a6ba9) Importer(815301076,1909f56bfc062723c751e8b465ee728b)
Start importing Assets/Scripts/EnemyAI.cs using Guid(f07394d6d8a1e3b4d8af4943207a6ba9) Importer(815301076,1909f56bfc062723c751e8b465ee728b)  -> (artifact id: '2183870aca721b32accc2cfa8ca203d9') in 0.002713 seconds
  Import took 0.007810 seconds .

========================================================================
Received Import Request.
  Time since last request: 1.100599 seconds.
  path: Assets/Scripts/SimpleCameraController.cs
  artifactKey: Guid(be76e5f14cfee674cb30b491fb72b09b) Importer(815301076,1909f56bfc062723c751e8b465ee728b)
Start importing Assets/Scripts/SimpleCameraController.cs using Guid(be76e5f14cfee674cb30b491fb72b09b) Importer(815301076,1909f56bfc062723c751e8b465ee728b)  -> (artifact id: '693e0ea9ff0d53e2a2cbee9a2257e979') in 0.006765 seconds
  Import took 0.012215 seconds .

========================================================================
Received Import Request.
  Time since last request: 0.020561 seconds.
  path: Assets/Scripts/SimpleCameraController.cs
  artifactKey: Guid(be76e5f14cfee674cb30b491fb72b09b) Importer(815301076,1909f56bfc062723c751e8b465ee728b)
Start importing Assets/Scripts/SimpleCameraController.cs using Guid(be76e5f14cfee674cb30b491fb72b09b) Importer(815301076,1909f56bfc062723c751e8b465ee728b)  -> (artifact id: '693e0ea9ff0d53e2a2cbee9a2257e979') in 0.003646 seconds
  Import took 0.009481 seconds .

========================================================================
Received Prepare
Registering precompiled user dll's ...
Registered in 0.002371 seconds.
Begin MonoManager ReloadAssembly
Native extension for WindowsStandalone target not found
Refreshing native plugins compatible for Editor in 0.93 ms, found 0 plugins.
Preloading 0 native plugins for Editor in 0.00 ms.
Invoked RoslynAnalysisRunner static constructor.
RoslynAnalysisRunner will not be running.
RoslynAnalysisRunner has terminated.
Mono: successfully reloaded assembly
- Completed reload, in  0.983 seconds
Platform modules already initialized, skipping
Shader 'Universal Render Pipeline/Particles/Lit': fallback shader 'Universal Render Pipeline/Particles/SimpleLit' not found
Shader 'Universal Render Pipeline/Particles/Lit': fallback shader 'Universal Render Pipeline/Particles/SimpleLit' not found
Refreshing native plugins compatible for Editor in 0.99 ms, found 0 plugins.
Preloading 0 native plugins for Editor in 0.00 ms.
Unloading 2714 Unused Serialized files (Serialized files now loaded: 0)
System memory in use before: 148.3 MB.
System memory in use after: 146.2 MB.

Unloading 44 unused Assets to reduce memory usage. Loaded Objects now: 3452.
Total: 4.180400 ms (FindLiveObjects: 0.296100 ms CreateObjectMapping: 0.143700 ms MarkObjects: 2.417000 ms  DeleteObjects: 1.322800 ms)

========================================================================
Received Import Request.
  Time since last request: 244.108593 seconds.
  path: Assets/Scripts/EnemyAI.cs
  artifactKey: Guid(f07394d6d8a1e3b4d8af4943207a6ba9) Importer(815301076,1909f56bfc062723c751e8b465ee728b)
Start importing Assets/Scripts/EnemyAI.cs using Guid(f07394d6d8a1e3b4d8af4943207a6ba9) Importer(815301076,1909f56bfc062723c751e8b465ee728b)  -> (artifact id: '972291218a08008c24e2d019da3f9bc0') in 0.005491 seconds
  Import took 0.010526 seconds .

========================================================================
Received Prepare
Registering precompiled user dll's ...
Registered in 0.004025 seconds.
Begin MonoManager ReloadAssembly
Native extension for WindowsStandalone target not found
Refreshing native plugins compatible for Editor in 1.08 ms, found 0 plugins.
Preloading 0 native plugins for Editor in 0.00 ms.
Invoked RoslynAnalysisRunner static constructor.
RoslynAnalysisRunner will not be running.
RoslynAnalysisRunner has terminated.
Mono: successfully reloaded assembly
- Completed reload, in  1.252 seconds
Platform modules already initialized, skipping
Shader 'Universal Render Pipeline/Particles/Lit': fallback shader 'Universal Render Pipeline/Particles/SimpleLit' not found
Shader 'Universal Render Pipeline/Particles/Lit': fallback shader 'Universal Render Pipeline/Particles/SimpleLit' not found
Refreshing native plugins compatible for Editor in 1.09 ms, found 0 plugins.
Preloading 0 native plugins for Editor in 0.00 ms.
Unloading 2714 Unused Serialized files (Serialized files now loaded: 0)
System memory in use before: 148.3 MB.
System memory in use after: 146.2 MB.

Unloading 44 unused Assets to reduce memory usage. Loaded Objects now: 3454.
Total: 4.253000 ms (FindLiveObjects: 0.318900 ms CreateObjectMapping: 0.156500 ms MarkObjects: 2.387200 ms  DeleteObjects: 1.389300 ms)

========================================================================
Received Prepare
Registering precompiled user dll's ...
Registered in 0.002571 seconds.
Begin MonoManager ReloadAssembly
Native extension for WindowsStandalone target not found
Refreshing native plugins compatible for Editor in 1.07 ms, found 0 plugins.
Preloading 0 native plugins for Editor in 0.00 ms.
Invoked RoslynAnalysisRunner static constructor.
RoslynAnalysisRunner will not be running.
RoslynAnalysisRunner has terminated.
Mono: successfully reloaded assembly
- Completed reload, in  1.238 seconds
Platform modules already initialized, skipping
Shader 'Universal Render Pipeline/Particles/Lit': fallback shader 'Universal Render Pipeline/Particles/SimpleLit' not found
Shader 'Universal Render Pipeline/Particles/Lit': fallback shader 'Universal Render Pipeline/Particles/SimpleLit' not found
Refreshing native plugins compatible for Editor in 1.00 ms, found 0 plugins.
Preloading 0 native plugins for Editor in 0.00 ms.
Unloading 2748 Unused Serialized files (Serialized files now loaded: 0)
System memory in use before: 149.2 MB.
System memory in use after: 147.2 MB.

Unloading 44 unused Assets to reduce memory usage. Loaded Objects now: 3490.
Total: 4.772600 ms (FindLiveObjects: 0.440200 ms CreateObjectMapping: 0.183000 ms MarkObjects: 2.712200 ms  DeleteObjects: 1.436200 ms)

========================================================================
Received Prepare
Registering precompiled user dll's ...
Registered in 0.002656 seconds.
Begin MonoManager ReloadAssembly
Native extension for WindowsStandalone target not found
Refreshing native plugins compatible for Editor in 0.96 ms, found 0 plugins.
Preloading 0 native plugins for Editor in 0.00 ms.
Invoked RoslynAnalysisRunner static constructor.
RoslynAnalysisRunner will not be running.
RoslynAnalysisRunner has terminated.
Mono: successfully reloaded assembly
- Completed reload, in  1.053 seconds
Platform modules already initialized, skipping
Shader 'Universal Render Pipeline/Particles/Lit': fallback shader 'Universal Render Pipeline/Particles/SimpleLit' not found
Shader 'Universal Render Pipeline/Particles/Lit': fallback shader 'Universal Render Pipeline/Particles/SimpleLit' not found
Refreshing native plugins compatible for Editor in 1.19 ms, found 0 plugins.
Preloading 0 native plugins for Editor in 0.00 ms.
Unloading 2748 Unused Serialized files (Serialized files now loaded: 0)
System memory in use before: 149.1 MB.
System memory in use after: 147.0 MB.

Unloading 44 unused Assets to reduce memory usage. Loaded Objects now: 3492.
Total: 4.876500 ms (FindLiveObjects: 0.470300 ms CreateObjectMapping: 0.235100 ms MarkObjects: 2.681000 ms  DeleteObjects: 1.488600 ms)

========================================================================
Received Prepare
Registering precompiled user dll's ...
Registered in 0.002505 seconds.
Begin MonoManager ReloadAssembly
Native extension for WindowsStandalone target not found
Refreshing native plugins compatible for Editor in 1.02 ms, found 0 plugins.
Preloading 0 native plugins for Editor in 0.00 ms.
Invoked RoslynAnalysisRunner static constructor.
RoslynAnalysisRunner will not be running.
RoslynAnalysisRunner has terminated.
Mono: successfully reloaded assembly
- Completed reload, in  1.005 seconds
Platform modules already initialized, skipping
Shader 'Universal Render Pipeline/Particles/Lit': fallback shader 'Universal Render Pipeline/Particles/SimpleLit' not found
Shader 'Universal Render Pipeline/Particles/Lit': fallback shader 'Universal Render Pipeline/Particles/SimpleLit' not found
Refreshing native plugins compatible for Editor in 1.05 ms, found 0 plugins.
Preloading 0 native plugins for Editor in 0.00 ms.
Unloading 2748 Unused Serialized files (Serialized files now loaded: 0)
System memory in use before: 149.3 MB.
System memory in use after: 147.2 MB.

Unloading 44 unused Assets to reduce memory usage. Loaded Objects now: 3494.
Total: 4.671300 ms (FindLiveObjects: 0.312800 ms CreateObjectMapping: 0.152700 ms MarkObjects: 2.810100 ms  DeleteObjects: 1.394900 ms)

========================================================================
Received Prepare
Registering precompiled user dll's ...
Registered in 0.002696 seconds.
Begin MonoManager ReloadAssembly
Native extension for WindowsStandalone target not found
Refreshing native plugins compatible for Editor in 1.48 ms, found 0 plugins.
Preloading 0 native plugins for Editor in 0.00 ms.
Invoked RoslynAnalysisRunner static constructor.
RoslynAnalysisRunner will not be running.
RoslynAnalysisRunner has terminated.
Mono: successfully reloaded assembly
- Completed reload, in  1.285 seconds
Platform modules already initialized, skipping
Shader 'Universal Render Pipeline/Particles/Lit': fallback shader 'Universal Render Pipeline/Particles/SimpleLit' not found
Shader 'Universal Render Pipeline/Particles/Lit': fallback shader 'Universal Render Pipeline/Particles/SimpleLit' not found
Refreshing native plugins compatible for Editor in 1.08 ms, found 0 plugins.
Preloading 0 native plugins for Editor in 0.00 ms.
Unloading 2748 Unused Serialized files (Serialized files now loaded: 0)
System memory in use before: 149.3 MB.
System memory in use after: 147.2 MB.

Unloading 44 unused Assets to reduce memory usage. Loaded Objects now: 3496.
Total: 4.808800 ms (FindLiveObjects: 0.440400 ms CreateObjectMapping: 0.173100 ms MarkObjects: 2.874200 ms  DeleteObjects: 1.320300 ms)

========================================================================
Received Prepare
Registering precompiled user dll's ...
Registered in 0.003130 seconds.
Begin MonoManager ReloadAssembly
Native extension for WindowsStandalone target not found
Refreshing native plugins compatible for Editor in 1.04 ms, found 0 plugins.
Preloading 0 native plugins for Editor in 0.00 ms.
Invoked RoslynAnalysisRunner static constructor.
RoslynAnalysisRunner will not be running.
RoslynAnalysisRunner has terminated.
Mono: successfully reloaded assembly
- Completed reload, in  1.178 seconds
Platform modules already initialized, skipping
Shader 'Universal Render Pipeline/Particles/Lit': fallback shader 'Universal Render Pipeline/Particles/SimpleLit' not found
Shader 'Universal Render Pipeline/Particles/Lit': fallback shader 'Universal Render Pipeline/Particles/SimpleLit' not found
Refreshing native plugins compatible for Editor in 1.09 ms, found 0 plugins.
Preloading 0 native plugins for Editor in 0.00 ms.
Unloading 2748 Unused Serialized files (Serialized files now loaded: 0)
System memory in use before: 149.3 MB.
System memory in use after: 147.2 MB.

Unloading 44 unused Assets to reduce memory usage. Loaded Objects now: 3498.
Total: 4.749500 ms (FindLiveObjects: 0.357600 ms CreateObjectMapping: 0.129400 ms MarkObjects: 2.812800 ms  DeleteObjects: 1.448400 ms)

========================================================================
Received Prepare
Registering precompiled user dll's ...
Registered in 0.002372 seconds.
Begin MonoManager ReloadAssembly
Native extension for WindowsStandalone target not found
Refreshing native plugins compatible for Editor in 0.99 ms, found 0 plugins.
Preloading 0 native plugins for Editor in 0.00 ms.
Invoked RoslynAnalysisRunner static constructor.
RoslynAnalysisRunner will not be running.
RoslynAnalysisRunner has terminated.
Mono: successfully reloaded assembly
- Completed reload, in  0.974 seconds
Platform modules already initialized, skipping
Shader 'Universal Render Pipeline/Particles/Lit': fallback shader 'Universal Render Pipeline/Particles/SimpleLit' not found
Shader 'Universal Render Pipeline/Particles/Lit': fallback shader 'Universal Render Pipeline/Particles/SimpleLit' not found
Refreshing native plugins compatible for Editor in 0.97 ms, found 0 plugins.
Preloading 0 native plugins for Editor in 0.00 ms.
Unloading 2748 Unused Serialized files (Serialized files now loaded: 0)
System memory in use before: 149.2 MB.
System memory in use after: 147.1 MB.

Unloading 44 unused Assets to reduce memory usage. Loaded Objects now: 3500.
Total: 8.543000 ms (FindLiveObjects: 0.680600 ms CreateObjectMapping: 0.362200 ms MarkObjects: 5.169300 ms  DeleteObjects: 2.327500 ms)

========================================================================
Received Prepare
Registering precompiled user dll's ...
Registered in 0.004086 seconds.
Begin MonoManager ReloadAssembly
Native extension for WindowsStandalone target not found
Refreshing native plugins compatible for Editor in 1.14 ms, found 0 plugins.
Preloading 0 native plugins for Editor in 0.00 ms.
Invoked RoslynAnalysisRunner static constructor.
RoslynAnalysisRunner will not be running.
RoslynAnalysisRunner has terminated.
Mono: successfully reloaded assembly
- Completed reload, in  1.346 seconds
Platform modules already initialized, skipping
Shader 'Universal Render Pipeline/Particles/Lit': fallback shader 'Universal Render Pipeline/Particles/SimpleLit' not found
Shader 'Universal Render Pipeline/Particles/Lit': fallback shader 'Universal Render Pipeline/Particles/SimpleLit' not found
Refreshing native plugins compatible for Editor in 1.09 ms, found 0 plugins.
Preloading 0 native plugins for Editor in 0.00 ms.
Unloading 2748 Unused Serialized files (Serialized files now loaded: 0)
System memory in use before: 149.3 MB.
System memory in use after: 147.3 MB.

Unloading 44 unused Assets to reduce memory usage. Loaded Objects now: 3502.
Total: 4.846800 ms (FindLiveObjects: 0.325400 ms CreateObjectMapping: 0.161000 ms MarkObjects: 2.821600 ms  DeleteObjects: 1.537600 ms)

========================================================================
Received Prepare
Registering precompiled user dll's ...
Registered in 0.002264 seconds.
Begin MonoManager ReloadAssembly
Native extension for WindowsStandalone target not found
Refreshing native plugins compatible for Editor in 1.01 ms, found 0 plugins.
Preloading 0 native plugins for Editor in 0.00 ms.
Invoked RoslynAnalysisRunner static constructor.
RoslynAnalysisRunner will not be running.
RoslynAnalysisRunner has terminated.
Mono: successfully reloaded assembly
- Completed reload, in  1.036 seconds
Platform modules already initialized, skipping
Shader 'Universal Render Pipeline/Particles/Lit': fallback shader 'Universal Render Pipeline/Particles/SimpleLit' not found
Shader 'Universal Render Pipeline/Particles/Lit': fallback shader 'Universal Render Pipeline/Particles/SimpleLit' not found
Refreshing native plugins compatible for Editor in 1.01 ms, found 0 plugins.
Preloading 0 native plugins for Editor in 0.00 ms.
Unloading 2748 Unused Serialized files (Serialized files now loaded: 0)
System memory in use before: 149.3 MB.
System memory in use after: 147.2 MB.

Unloading 44 unused Assets to reduce memory usage. Loaded Objects now: 3504.
Total: 4.721300 ms (FindLiveObjects: 0.348700 ms CreateObjectMapping: 0.267400 ms MarkObjects: 2.754700 ms  DeleteObjects: 1.349400 ms)

========================================================================
Received Prepare
Registering precompiled user dll's ...
Registered in 0.002457 seconds.
Begin MonoManager ReloadAssembly
Native extension for WindowsStandalone target not found
Refreshing native plugins compatible for Editor in 0.94 ms, found 0 plugins.
Preloading 0 native plugins for Editor in 0.00 ms.
Invoked RoslynAnalysisRunner static constructor.
RoslynAnalysisRunner will not be running.
RoslynAnalysisRunner has terminated.
Mono: successfully reloaded assembly
- Completed reload, in  1.039 seconds
Platform modules already initialized, skipping
Shader 'Universal Render Pipeline/Particles/Lit': fallback shader 'Universal Render Pipeline/Particles/SimpleLit' not found
Shader 'Universal Render Pipeline/Particles/Lit': fallback shader 'Universal Render Pipeline/Particles/SimpleLit' not found
Refreshing native plugins compatible for Editor in 1.08 ms, found 0 plugins.
Preloading 0 native plugins for Editor in 0.00 ms.
Unloading 2748 Unused Serialized files (Serialized files now loaded: 0)
System memory in use before: 149.3 MB.
System memory in use after: 147.2 MB.

Unloading 44 unused Assets to reduce memory usage. Loaded Objects now: 3506.
Total: 4.561800 ms (FindLiveObjects: 0.310300 ms CreateObjectMapping: 0.146300 ms MarkObjects: 2.762700 ms  DeleteObjects: 1.341600 ms)

========================================================================
Received Prepare
Registering precompiled user dll's ...
Registered in 0.002625 seconds.
Begin MonoManager ReloadAssembly
Native extension for WindowsStandalone target not found
Refreshing native plugins compatible for Editor in 0.94 ms, found 0 plugins.
Preloading 0 native plugins for Editor in 0.00 ms.
Invoked RoslynAnalysisRunner static constructor.
RoslynAnalysisRunner will not be running.
RoslynAnalysisRunner has terminated.
Mono: successfully reloaded assembly
- Completed reload, in  1.006 seconds
Platform modules already initialized, skipping
Shader 'Universal Render Pipeline/Particles/Lit': fallback shader 'Universal Render Pipeline/Particles/SimpleLit' not found
Shader 'Universal Render Pipeline/Particles/Lit': fallback shader 'Universal Render Pipeline/Particles/SimpleLit' not found
Refreshing native plugins compatible for Editor in 1.03 ms, found 0 plugins.
Preloading 0 native plugins for Editor in 0.00 ms.
Unloading 2748 Unused Serialized files (Serialized files now loaded: 0)
System memory in use before: 149.3 MB.
System memory in use after: 147.2 MB.

Unloading 44 unused Assets to reduce memory usage. Loaded Objects now: 3508.
Total: 8.864100 ms (FindLiveObjects: 0.698400 ms CreateObjectMapping: 0.423100 ms MarkObjects: 4.927000 ms  DeleteObjects: 2.813500 ms)

========================================================================
Received Prepare
Registering precompiled user dll's ...
Registered in 0.002326 seconds.
Begin MonoManager ReloadAssembly
Native extension for WindowsStandalone target not found
Refreshing native plugins compatible for Editor in 1.01 ms, found 0 plugins.
Preloading 0 native plugins for Editor in 0.00 ms.
Invoked RoslynAnalysisRunner static constructor.
RoslynAnalysisRunner will not be running.
RoslynAnalysisRunner has terminated.
Mono: successfully reloaded assembly
- Completed reload, in  1.069 seconds
Platform modules already initialized, skipping
Shader 'Universal Render Pipeline/Particles/Lit': fallback shader 'Universal Render Pipeline/Particles/SimpleLit' not found
Shader 'Universal Render Pipeline/Particles/Lit': fallback shader 'Universal Render Pipeline/Particles/SimpleLit' not found
Refreshing native plugins compatible for Editor in 1.13 ms, found 0 plugins.
Preloading 0 native plugins for Editor in 0.00 ms.
Unloading 2748 Unused Serialized files (Serialized files now loaded: 0)
System memory in use before: 149.1 MB.
System memory in use after: 147.0 MB.

Unloading 44 unused Assets to reduce memory usage. Loaded Objects now: 3510.
Total: 5.024600 ms (FindLiveObjects: 0.417200 ms CreateObjectMapping: 0.172400 ms MarkObjects: 3.069100 ms  DeleteObjects: 1.365000 ms)

========================================================================
Received Prepare
Registering precompiled user dll's ...
Registered in 0.002319 seconds.
Begin MonoManager ReloadAssembly
Native extension for WindowsStandalone target not found
Refreshing native plugins compatible for Editor in 0.94 ms, found 0 plugins.
Preloading 0 native plugins for Editor in 0.00 ms.
Invoked RoslynAnalysisRunner static constructor.
RoslynAnalysisRunner will not be running.
RoslynAnalysisRunner has terminated.
Mono: successfully reloaded assembly
- Completed reload, in  1.014 seconds
Platform modules already initialized, skipping
Shader 'Universal Render Pipeline/Particles/Lit': fallback shader 'Universal Render Pipeline/Particles/SimpleLit' not found
Shader 'Universal Render Pipeline/Particles/Lit': fallback shader 'Universal Render Pipeline/Particles/SimpleLit' not found
Refreshing native plugins compatible for Editor in 1.15 ms, found 0 plugins.
Preloading 0 native plugins for Editor in 0.00 ms.
Unloading 2748 Unused Serialized files (Serialized files now loaded: 0)
System memory in use before: 149.3 MB.
System memory in use after: 147.2 MB.

Unloading 44 unused Assets to reduce memory usage. Loaded Objects now: 3512.
Total: 5.165100 ms (FindLiveObjects: 0.548500 ms CreateObjectMapping: 0.358500 ms MarkObjects: 2.912900 ms  DeleteObjects: 1.344200 ms)

========================================================================
Received Prepare
Registering precompiled user dll's ...
Registered in 0.002325 seconds.
Begin MonoManager ReloadAssembly
Native extension for WindowsStandalone target not found
Refreshing native plugins compatible for Editor in 1.02 ms, found 0 plugins.
Preloading 0 native plugins for Editor in 0.00 ms.
Invoked RoslynAnalysisRunner static constructor.
RoslynAnalysisRunner will not be running.
RoslynAnalysisRunner has terminated.
Mono: successfully reloaded assembly
- Completed reload, in  0.994 seconds
Platform modules already initialized, skipping
Shader 'Universal Render Pipeline/Particles/Lit': fallback shader 'Universal Render Pipeline/Particles/SimpleLit' not found
Shader 'Universal Render Pipeline/Particles/Lit': fallback shader 'Universal Render Pipeline/Particles/SimpleLit' not found
Refreshing native plugins compatible for Editor in 1.17 ms, found 0 plugins.
Preloading 0 native plugins for Editor in 0.00 ms.
Unloading 2748 Unused Serialized files (Serialized files now loaded: 0)
System memory in use before: 149.3 MB.
System memory in use after: 147.2 MB.

Unloading 44 unused Assets to reduce memory usage. Loaded Objects now: 3514.
Total: 4.681200 ms (FindLiveObjects: 0.467500 ms CreateObjectMapping: 0.190200 ms MarkObjects: 2.646400 ms  DeleteObjects: 1.375800 ms)

========================================================================
Received Prepare
Registering precompiled user dll's ...
Registered in 0.002476 seconds.
Begin MonoManager ReloadAssembly
Native extension for WindowsStandalone target not found
Refreshing native plugins compatible for Editor in 0.98 ms, found 0 plugins.
Preloading 0 native plugins for Editor in 0.00 ms.
Invoked RoslynAnalysisRunner static constructor.
RoslynAnalysisRunner will not be running.
RoslynAnalysisRunner has terminated.
Mono: successfully reloaded assembly
- Completed reload, in  1.125 seconds
Platform modules already initialized, skipping
Shader 'Universal Render Pipeline/Particles/Lit': fallback shader 'Universal Render Pipeline/Particles/SimpleLit' not found
Shader 'Universal Render Pipeline/Particles/Lit': fallback shader 'Universal Render Pipeline/Particles/SimpleLit' not found
Refreshing native plugins compatible for Editor in 1.17 ms, found 0 plugins.
Preloading 0 native plugins for Editor in 0.00 ms.
Unloading 2748 Unused Serialized files (Serialized files now loaded: 0)
System memory in use before: 149.3 MB.
System memory in use after: 147.2 MB.

Unloading 44 unused Assets to reduce memory usage. Loaded Objects now: 3516.
Total: 4.214900 ms (FindLiveObjects: 0.291000 ms CreateObjectMapping: 0.104400 ms MarkObjects: 2.476100 ms  DeleteObjects: 1.342600 ms)

========================================================================
Received Prepare
Registering precompiled user dll's ...
Registered in 0.002435 seconds.
Begin MonoManager ReloadAssembly
Native extension for WindowsStandalone target not found
Refreshing native plugins compatible for Editor in 0.99 ms, found 0 plugins.
Preloading 0 native plugins for Editor in 0.00 ms.
Invoked RoslynAnalysisRunner static constructor.
RoslynAnalysisRunner will not be running.
RoslynAnalysisRunner has terminated.
Mono: successfully reloaded assembly
- Completed reload, in  1.019 seconds
Platform modules already initialized, skipping
Shader 'Universal Render Pipeline/Particles/Lit': fallback shader 'Universal Render Pipeline/Particles/SimpleLit' not found
Shader 'Universal Render Pipeline/Particles/Lit': fallback shader 'Universal Render Pipeline/Particles/SimpleLit' not found
Refreshing native plugins compatible for Editor in 1.04 ms, found 0 plugins.
Preloading 0 native plugins for Editor in 0.00 ms.
Unloading 2748 Unused Serialized files (Serialized files now loaded: 0)
System memory in use before: 149.2 MB.
System memory in use after: 147.1 MB.

Unloading 44 unused Assets to reduce memory usage. Loaded Objects now: 3518.
Total: 5.161400 ms (FindLiveObjects: 0.359800 ms CreateObjectMapping: 0.157900 ms MarkObjects: 3.129400 ms  DeleteObjects: 1.513200 ms)

========================================================================
Received Import Request.
  Time since last request: 5551.201098 seconds.
  path: Assets/SpiderProceduralAnimation-master/SpiderProceduralAnimation-master/Scripts
  artifactKey: Guid(e3d6681ccfd112c4dbceac1d9134c075) Importer(815301076,1909f56bfc062723c751e8b465ee728b)
Start importing Assets/SpiderProceduralAnimation-master/SpiderProceduralAnimation-master/Scripts using Guid(e3d6681ccfd112c4dbceac1d9134c075) Importer(815301076,1909f56bfc062723c751e8b465ee728b)  -> (artifact id: '3e51a1cf435f3f6d7160135b3a4924f3') in 0.006556 seconds
  Import took 0.012578 seconds .

========================================================================
Received Prepare
Registering precompiled user dll's ...
Registered in 0.002211 seconds.
Begin MonoManager ReloadAssembly
Native extension for WindowsStandalone target not found
Refreshing native plugins compatible for Editor in 0.97 ms, found 0 plugins.
Preloading 0 native plugins for Editor in 0.00 ms.
Invoked RoslynAnalysisRunner static constructor.
RoslynAnalysisRunner will not be running.
RoslynAnalysisRunner has terminated.
Mono: successfully reloaded assembly
- Completed reload, in  1.127 seconds
Platform modules already initialized, skipping
Shader 'Universal Render Pipeline/Particles/Lit': fallback shader 'Universal Render Pipeline/Particles/SimpleLit' not found
Shader 'Universal Render Pipeline/Particles/Lit': fallback shader 'Universal Render Pipeline/Particles/SimpleLit' not found
Refreshing native plugins compatible for Editor in 1.22 ms, found 0 plugins.
Preloading 0 native plugins for Editor in 0.00 ms.
Unloading 2748 Unused Serialized files (Serialized files now loaded: 0)
System memory in use before: 149.3 MB.
System memory in use after: 147.3 MB.

Unloading 44 unused Assets to reduce memory usage. Loaded Objects now: 3520.
Total: 4.452900 ms (FindLiveObjects: 0.306700 ms CreateObjectMapping: 0.157800 ms MarkObjects: 2.612200 ms  DeleteObjects: 1.375300 ms)

========================================================================
Received Prepare
Registering precompiled user dll's ...
Registered in 0.002480 seconds.
Begin MonoManager ReloadAssembly
Native extension for WindowsStandalone target not found
Refreshing native plugins compatible for Editor in 1.00 ms, found 0 plugins.
Preloading 0 native plugins for Editor in 0.00 ms.
Invoked RoslynAnalysisRunner static constructor.
RoslynAnalysisRunner will not be running.
RoslynAnalysisRunner has terminated.
Mono: successfully reloaded assembly
- Completed reload, in  1.033 seconds
Platform modules already initialized, skipping
Shader 'Universal Render Pipeline/Particles/Lit': fallback shader 'Universal Render Pipeline/Particles/SimpleLit' not found
Shader 'Universal Render Pipeline/Particles/Lit': fallback shader 'Universal Render Pipeline/Particles/SimpleLit' not found
Refreshing native plugins compatible for Editor in 1.00 ms, found 0 plugins.
Preloading 0 native plugins for Editor in 0.00 ms.
Unloading 2748 Unused Serialized files (Serialized files now loaded: 0)
System memory in use before: 149.3 MB.
System memory in use after: 147.3 MB.

Unloading 44 unused Assets to reduce memory usage. Loaded Objects now: 3522.
Total: 4.446300 ms (FindLiveObjects: 0.329600 ms CreateObjectMapping: 0.153900 ms MarkObjects: 2.632500 ms  DeleteObjects: 1.328500 ms)

========================================================================
Received Import Request.
  Time since last request: 506.448386 seconds.
  path: Assets/Scripts/SpiderController.cs
  artifactKey: Guid(69c97196b76ba904d8b19d79f137976d) Importer(815301076,1909f56bfc062723c751e8b465ee728b)
Start importing Assets/Scripts/SpiderController.cs using Guid(69c97196b76ba904d8b19d79f137976d) Importer(815301076,1909f56bfc062723c751e8b465ee728b)  -> (artifact id: '9b1b28a8566f309e500de0124f67d0e4') in 0.008481 seconds
  Import took 0.013172 seconds .

========================================================================
Received Prepare
Registering precompiled user dll's ...
Registered in 0.002485 seconds.
Begin MonoManager ReloadAssembly
Native extension for WindowsStandalone target not found
Refreshing native plugins compatible for Editor in 1.04 ms, found 0 plugins.
Preloading 0 native plugins for Editor in 0.00 ms.
Invoked RoslynAnalysisRunner static constructor.
RoslynAnalysisRunner will not be running.
RoslynAnalysisRunner has terminated.
Mono: successfully reloaded assembly
- Completed reload, in  1.100 seconds
Platform modules already initialized, skipping
Shader 'Universal Render Pipeline/Particles/Lit': fallback shader 'Universal Render Pipeline/Particles/SimpleLit' not found
Shader 'Universal Render Pipeline/Particles/Lit': fallback shader 'Universal Render Pipeline/Particles/SimpleLit' not found
Refreshing native plugins compatible for Editor in 1.08 ms, found 0 plugins.
Preloading 0 native plugins for Editor in 0.00 ms.
Unloading 2748 Unused Serialized files (Serialized files now loaded: 0)
System memory in use before: 149.3 MB.
System memory in use after: 147.3 MB.

Unloading 44 unused Assets to reduce memory usage. Loaded Objects now: 3524.
Total: 4.185900 ms (FindLiveObjects: 0.268700 ms CreateObjectMapping: 0.120000 ms MarkObjects: 2.493000 ms  DeleteObjects: 1.303400 ms)

========================================================================
Received Import Request.
  Time since last request: 374.640896 seconds.
  path: Assets/Art/Blood.png
  artifactKey: Guid(38c025ab1a8458d499341b0c22229391) Importer(815301076,1909f56bfc062723c751e8b465ee728b)
Start importing Assets/Art/Blood.png using Guid(38c025ab1a8458d499341b0c22229391) Importer(815301076,1909f56bfc062723c751e8b465ee728b)  -> (artifact id: '086f2cd85985eeb3e030b39c2dd1fd5c') in 0.055896 seconds
  Import took 0.063194 seconds .

========================================================================
Received Import Request.
  Time since last request: 6.836239 seconds.
  path: Assets/Art/Blood.png
  artifactKey: Guid(38c025ab1a8458d499341b0c22229391) Importer(815301076,1909f56bfc062723c751e8b465ee728b)
Start importing Assets/Art/Blood.png using Guid(38c025ab1a8458d499341b0c22229391) Importer(815301076,1909f56bfc062723c751e8b465ee728b)  -> (artifact id: '8c30e175e12c643febbeb915dc5a32da') in 0.036900 seconds
  Import took 0.041492 seconds .

========================================================================
Received Prepare
Registering precompiled user dll's ...
Registered in 0.003328 seconds.
Begin MonoManager ReloadAssembly
Native extension for WindowsStandalone target not found
Refreshing native plugins compatible for Editor in 1.03 ms, found 0 plugins.
Preloading 0 native plugins for Editor in 0.00 ms.
Invoked RoslynAnalysisRunner static constructor.
RoslynAnalysisRunner will not be running.
RoslynAnalysisRunner has terminated.
Mono: successfully reloaded assembly
- Completed reload, in  1.157 seconds
Platform modules already initialized, skipping
Shader 'Universal Render Pipeline/Particles/Lit': fallback shader 'Universal Render Pipeline/Particles/SimpleLit' not found
Shader 'Universal Render Pipeline/Particles/Lit': fallback shader 'Universal Render Pipeline/Particles/SimpleLit' not found
Refreshing native plugins compatible for Editor in 1.04 ms, found 0 plugins.
Preloading 0 native plugins for Editor in 0.00 ms.
Unloading 2795 Unused Serialized files (Serialized files now loaded: 0)
System memory in use before: 152.0 MB.
System memory in use after: 149.3 MB.

Unloading 57 unused Assets to reduce memory usage. Loaded Objects now: 3564.
Total: 4.749300 ms (FindLiveObjects: 0.305000 ms CreateObjectMapping: 0.133800 ms MarkObjects: 2.783400 ms  DeleteObjects: 1.526300 ms)

========================================================================
Received Import Request.
  Time since last request: 415.543952 seconds.
  path: Assets/Art/Blood.png
  artifactKey: Guid(38c025ab1a8458d499341b0c22229391) Importer(815301076,1909f56bfc062723c751e8b465ee728b)
Start importing Assets/Art/Blood.png using Guid(38c025ab1a8458d499341b0c22229391) Importer(815301076,1909f56bfc062723c751e8b465ee728b)  -> (artifact id: '0a2a22f8af59814e207112c075601908') in 0.060866 seconds
  Import took 0.069610 seconds .

========================================================================
Received Import Request.
  Time since last request: 0.000373 seconds.
  path: Assets/Samples/Cinemachine/2.6.4/Cinemachine Example Scenes/Scenes/CameraMagnets/Proximity.png
  artifactKey: Guid(a29985f57f2a444dcae5c5e3a1ad420b) Importer(815301076,1909f56bfc062723c751e8b465ee728b)
Start importing Assets/Samples/Cinemachine/2.6.4/Cinemachine Example Scenes/Scenes/CameraMagnets/Proximity.png using Guid(a29985f57f2a444dcae5c5e3a1ad420b) Importer(815301076,1909f56bfc062723c751e8b465ee728b)  -> (artifact id: '021ca5aeba8662ade8e18b00b713fde7') in 0.019814 seconds
  Import took 0.025006 seconds .

========================================================================
Received Import Request.
  Time since last request: 0.000297 seconds.
  path: Assets/Art/Blood.png
  artifactKey: Guid(38c025ab1a8458d499341b0c22229391) Importer(815301076,1909f56bfc062723c751e8b465ee728b)
Start importing Assets/Art/Blood.png using Guid(38c025ab1a8458d499341b0c22229391) Importer(815301076,1909f56bfc062723c751e8b465ee728b)  -> (artifact id: '0a2a22f8af59814e207112c075601908') in 0.013691 seconds
  Import took 0.020369 seconds .

========================================================================
Received Import Request.
  Time since last request: 0.000314 seconds.
  path: Assets/Samples/Cinemachine/2.6.4/Cinemachine Example Scenes/Shared/Textures/crosshair.png
  artifactKey: Guid(1a1da36a104725048b8d2388fb8d321d) Importer(815301076,1909f56bfc062723c751e8b465ee728b)
Start importing Assets/Samples/Cinemachine/2.6.4/Cinemachine Example Scenes/Shared/Textures/crosshair.png using Guid(1a1da36a104725048b8d2388fb8d321d) Importer(815301076,1909f56bfc062723c751e8b465ee728b)  -> (artifact id: 'a474cda1e88bbc545c8ea0f34869d677') in 0.018683 seconds
  Import took 0.023401 seconds .

========================================================================
Received Import Request.
  Time since last request: 228.971383 seconds.
  path: Assets/Scripts/UIOptions.cs
  artifactKey: Guid(dfdbc955a36190e4285e927e48b15105) Importer(815301076,1909f56bfc062723c751e8b465ee728b)
Start importing Assets/Scripts/UIOptions.cs using Guid(dfdbc955a36190e4285e927e48b15105) Importer(815301076,1909f56bfc062723c751e8b465ee728b)  -> (artifact id: '7ea4c563aedad0b0b4f9587ca9dca93f') in 0.008923 seconds
  Import took 0.014148 seconds .

========================================================================
Received Prepare
Registering precompiled user dll's ...
Registered in 0.006655 seconds.
Begin MonoManager ReloadAssembly
Native extension for WindowsStandalone target not found
Refreshing native plugins compatible for Editor in 1.41 ms, found 0 plugins.
Preloading 0 native plugins for Editor in 0.00 ms.
Invoked RoslynAnalysisRunner static constructor.
RoslynAnalysisRunner will not be running.
RoslynAnalysisRunner has terminated.
Mono: successfully reloaded assembly
- Completed reload, in  1.104 seconds
Platform modules already initialized, skipping
Shader 'Universal Render Pipeline/Particles/Lit': fallback shader 'Universal Render Pipeline/Particles/SimpleLit' not found
Shader 'Universal Render Pipeline/Particles/Lit': fallback shader 'Universal Render Pipeline/Particles/SimpleLit' not found
Refreshing native plugins compatible for Editor in 1.23 ms, found 0 plugins.
Preloading 0 native plugins for Editor in 0.00 ms.
Unloading 2796 Unused Serialized files (Serialized files now loaded: 0)
System memory in use before: 152.0 MB.
System memory in use after: 149.3 MB.

Unloading 57 unused Assets to reduce memory usage. Loaded Objects now: 3568.
Total: 5.112100 ms (FindLiveObjects: 0.347900 ms CreateObjectMapping: 0.188200 ms MarkObjects: 3.002900 ms  DeleteObjects: 1.571600 ms)

========================================================================
Received Prepare
Registering precompiled user dll's ...
Registered in 0.002251 seconds.
Begin MonoManager ReloadAssembly
Native extension for WindowsStandalone target not found
Refreshing native plugins compatible for Editor in 1.02 ms, found 0 plugins.
Preloading 0 native plugins for Editor in 0.00 ms.
Invoked RoslynAnalysisRunner static constructor.
RoslynAnalysisRunner will not be running.
RoslynAnalysisRunner has terminated.
Mono: successfully reloaded assembly
- Completed reload, in  0.997 seconds
Platform modules already initialized, skipping
Shader 'Universal Render Pipeline/Particles/Lit': fallback shader 'Universal Render Pipeline/Particles/SimpleLit' not found
Shader 'Universal Render Pipeline/Particles/Lit': fallback shader 'Universal Render Pipeline/Particles/SimpleLit' not found
Refreshing native plugins compatible for Editor in 1.00 ms, found 0 plugins.
Preloading 0 native plugins for Editor in 0.00 ms.
Unloading 2796 Unused Serialized files (Serialized files now loaded: 0)
System memory in use before: 152.0 MB.
System memory in use after: 149.3 MB.

Unloading 57 unused Assets to reduce memory usage. Loaded Objects now: 3570.
Total: 4.668000 ms (FindLiveObjects: 0.279000 ms CreateObjectMapping: 0.133900 ms MarkObjects: 2.692400 ms  DeleteObjects: 1.561700 ms)

========================================================================
Received Prepare
Registering precompiled user dll's ...
Registered in 0.002371 seconds.
Begin MonoManager ReloadAssembly
Native extension for WindowsStandalone target not found
Refreshing native plugins compatible for Editor in 0.97 ms, found 0 plugins.
Preloading 0 native plugins for Editor in 0.00 ms.
Invoked RoslynAnalysisRunner static constructor.
RoslynAnalysisRunner will not be running.
RoslynAnalysisRunner has terminated.
Mono: successfully reloaded assembly
- Completed reload, in  1.029 seconds
Platform modules already initialized, skipping
Shader 'Universal Render Pipeline/Particles/Lit': fallback shader 'Universal Render Pipeline/Particles/SimpleLit' not found
Shader 'Universal Render Pipeline/Particles/Lit': fallback shader 'Universal Render Pipeline/Particles/SimpleLit' not found
Refreshing native plugins compatible for Editor in 1.07 ms, found 0 plugins.
Preloading 0 native plugins for Editor in 0.00 ms.
Unloading 2796 Unused Serialized files (Serialized files now loaded: 0)
System memory in use before: 152.0 MB.
System memory in use after: 149.3 MB.

Unloading 57 unused Assets to reduce memory usage. Loaded Objects now: 3572.
Total: 4.922800 ms (FindLiveObjects: 0.312200 ms CreateObjectMapping: 0.177800 ms MarkObjects: 2.863200 ms  DeleteObjects: 1.568200 ms)

========================================================================
Received Prepare
Registering precompiled user dll's ...
Registered in 0.002338 seconds.
Begin MonoManager ReloadAssembly
Native extension for WindowsStandalone target not found
Refreshing native plugins compatible for Editor in 1.06 ms, found 0 plugins.
Preloading 0 native plugins for Editor in 0.00 ms.
Invoked RoslynAnalysisRunner static constructor.
RoslynAnalysisRunner will not be running.
RoslynAnalysisRunner has terminated.
Mono: successfully reloaded assembly
- Completed reload, in  1.044 seconds
Platform modules already initialized, skipping
Shader 'Universal Render Pipeline/Particles/Lit': fallback shader 'Universal Render Pipeline/Particles/SimpleLit' not found
Shader 'Universal Render Pipeline/Particles/Lit': fallback shader 'Universal Render Pipeline/Particles/SimpleLit' not found
Refreshing native plugins compatible for Editor in 1.12 ms, found 0 plugins.
Preloading 0 native plugins for Editor in 0.00 ms.
Unloading 2796 Unused Serialized files (Serialized files now loaded: 0)
System memory in use before: 152.0 MB.
System memory in use after: 149.3 MB.

Unloading 57 unused Assets to reduce memory usage. Loaded Objects now: 3574.
Total: 4.939900 ms (FindLiveObjects: 0.309000 ms CreateObjectMapping: 0.132900 ms MarkObjects: 2.862400 ms  DeleteObjects: 1.634300 ms)

========================================================================
Received Prepare
Registering precompiled user dll's ...
Registered in 0.002257 seconds.
Begin MonoManager ReloadAssembly
Native extension for WindowsStandalone target not found
Refreshing native plugins compatible for Editor in 1.31 ms, found 0 plugins.
Preloading 0 native plugins for Editor in 0.00 ms.
Invoked RoslynAnalysisRunner static constructor.
RoslynAnalysisRunner will not be running.
RoslynAnalysisRunner has terminated.
Mono: successfully reloaded assembly
- Completed reload, in  1.042 seconds
Platform modules already initialized, skipping
Shader 'Universal Render Pipeline/Particles/Lit': fallback shader 'Universal Render Pipeline/Particles/SimpleLit' not found
Shader 'Universal Render Pipeline/Particles/Lit': fallback shader 'Universal Render Pipeline/Particles/SimpleLit' not found
Refreshing native plugins compatible for Editor in 0.99 ms, found 0 plugins.
Preloading 0 native plugins for Editor in 0.00 ms.
Unloading 2796 Unused Serialized files (Serialized files now loaded: 0)
System memory in use before: 151.9 MB.
System memory in use after: 149.2 MB.

Unloading 57 unused Assets to reduce memory usage. Loaded Objects now: 3576.
Total: 4.923400 ms (FindLiveObjects: 0.333800 ms CreateObjectMapping: 0.188900 ms MarkObjects: 2.808800 ms  DeleteObjects: 1.590800 ms)

========================================================================
Received Prepare
Registering precompiled user dll's ...
Registered in 0.002543 seconds.
Begin MonoManager ReloadAssembly
Native extension for WindowsStandalone target not found
Refreshing native plugins compatible for Editor in 1.20 ms, found 0 plugins.
Preloading 0 native plugins for Editor in 0.00 ms.
Invoked RoslynAnalysisRunner static constructor.
RoslynAnalysisRunner will not be running.
RoslynAnalysisRunner has terminated.
Mono: successfully reloaded assembly
- Completed reload, in  1.225 seconds
Platform modules already initialized, skipping
Shader 'Universal Render Pipeline/Particles/Lit': fallback shader 'Universal Render Pipeline/Particles/SimpleLit' not found
Shader 'Universal Render Pipeline/Particles/Lit': fallback shader 'Universal Render Pipeline/Particles/SimpleLit' not found
Refreshing native plugins compatible for Editor in 1.09 ms, found 0 plugins.
Preloading 0 native plugins for Editor in 0.00 ms.
Unloading 2796 Unused Serialized files (Serialized files now loaded: 0)
System memory in use before: 152.0 MB.
System memory in use after: 149.4 MB.

Unloading 57 unused Assets to reduce memory usage. Loaded Objects now: 3578.
Total: 4.807400 ms (FindLiveObjects: 0.299200 ms CreateObjectMapping: 0.136600 ms MarkObjects: 2.755900 ms  DeleteObjects: 1.614600 ms)

========================================================================
Received Prepare
Registering precompiled user dll's ...
Registered in 0.002416 seconds.
Begin MonoManager ReloadAssembly
Native extension for WindowsStandalone target not found
Refreshing native plugins compatible for Editor in 0.96 ms, found 0 plugins.
Preloading 0 native plugins for Editor in 0.00 ms.
Invoked RoslynAnalysisRunner static constructor.
RoslynAnalysisRunner will not be running.
RoslynAnalysisRunner has terminated.
Mono: successfully reloaded assembly
- Completed reload, in  1.003 seconds
Platform modules already initialized, skipping
Shader 'Universal Render Pipeline/Particles/Lit': fallback shader 'Universal Render Pipeline/Particles/SimpleLit' not found
Shader 'Universal Render Pipeline/Particles/Lit': fallback shader 'Universal Render Pipeline/Particles/SimpleLit' not found
Refreshing native plugins compatible for Editor in 1.05 ms, found 0 plugins.
Preloading 0 native plugins for Editor in 0.00 ms.
Unloading 2796 Unused Serialized files (Serialized files now loaded: 0)
System memory in use before: 152.0 MB.
System memory in use after: 149.4 MB.

Unloading 57 unused Assets to reduce memory usage. Loaded Objects now: 3580.
Total: 4.848200 ms (FindLiveObjects: 0.275500 ms CreateObjectMapping: 0.128800 ms MarkObjects: 2.829900 ms  DeleteObjects: 1.613300 ms)

========================================================================
Received Prepare
Registering precompiled user dll's ...
Registered in 0.002284 seconds.
Begin MonoManager ReloadAssembly
Native extension for WindowsStandalone target not found
Refreshing native plugins compatible for Editor in 1.05 ms, found 0 plugins.
Preloading 0 native plugins for Editor in 0.00 ms.
Invoked RoslynAnalysisRunner static constructor.
RoslynAnalysisRunner will not be running.
RoslynAnalysisRunner has terminated.
Mono: successfully reloaded assembly
- Completed reload, in  1.097 seconds
Platform modules already initialized, skipping
Shader 'Universal Render Pipeline/Particles/Lit': fallback shader 'Universal Render Pipeline/Particles/SimpleLit' not found
Shader 'Universal Render Pipeline/Particles/Lit': fallback shader 'Universal Render Pipeline/Particles/SimpleLit' not found
Refreshing native plugins compatible for Editor in 1.14 ms, found 0 plugins.
Preloading 0 native plugins for Editor in 0.00 ms.
Unloading 2796 Unused Serialized files (Serialized files now loaded: 0)
System memory in use before: 152.0 MB.
System memory in use after: 149.4 MB.

Unloading 57 unused Assets to reduce memory usage. Loaded Objects now: 3582.
Total: 5.160100 ms (FindLiveObjects: 0.335300 ms CreateObjectMapping: 0.178300 ms MarkObjects: 2.916200 ms  DeleteObjects: 1.728800 ms)

========================================================================
Received Prepare
Registering precompiled user dll's ...
Registered in 0.003134 seconds.
Begin MonoManager ReloadAssembly
Native extension for WindowsStandalone target not found
Refreshing native plugins compatible for Editor in 1.20 ms, found 0 plugins.
Preloading 0 native plugins for Editor in 0.00 ms.
Invoked RoslynAnalysisRunner static constructor.
RoslynAnalysisRunner will not be running.
RoslynAnalysisRunner has terminated.
Mono: successfully reloaded assembly
- Completed reload, in  1.380 seconds
Platform modules already initialized, skipping
Shader 'Universal Render Pipeline/Particles/Lit': fallback shader 'Universal Render Pipeline/Particles/SimpleLit' not found
Shader 'Universal Render Pipeline/Particles/Lit': fallback shader 'Universal Render Pipeline/Particles/SimpleLit' not found
Refreshing native plugins compatible for Editor in 1.07 ms, found 0 plugins.
Preloading 0 native plugins for Editor in 0.00 ms.
Unloading 2796 Unused Serialized files (Serialized files now loaded: 0)
System memory in use before: 152.0 MB.
System memory in use after: 149.3 MB.

Unloading 57 unused Assets to reduce memory usage. Loaded Objects now: 3584.
Total: 7.627900 ms (FindLiveObjects: 0.522700 ms CreateObjectMapping: 0.329100 ms MarkObjects: 4.161700 ms  DeleteObjects: 2.612700 ms)

AssetImportWorkerClient::OnTransportError - code=2 error=End of file
