Using pre-set license
Built from '2020.2/release' branch; Version is '2020.2.2f1 (068178b99f32) revision 426360'; Using compiler version '192528614'; Build Type 'Release'
OS: 'Windows 10 Home; OS build 19041.867; Version 2004; 64bit' Language: 'en' Physical Memory: 16111 MB
BatchMode: 1, IsHumanControllingUs: 0, StartBugReporterOnCrash: 0, Is64bit: 1, IsPro: 0

 COMMAND LINE ARGUMENTS:
C:\Program Files\Unity\Hub\Editor\2020.2.2f1\Editor\Unity.exe
-adb2
-batchMode
-noUpm
-name
AssetImportWorker0
-projectPath
C:/Users/samle/OneDrive/Documents/GitHub/ProceduralAnimation
-logFile
Logs/AssetImportWorker0.log
-srvPort
57464
Successfully changed project path to: C:/Users/samle/OneDrive/Documents/GitHub/ProceduralAnimation
C:/Users/samle/OneDrive/Documents/GitHub/ProceduralAnimation
Using Asset Import Pipeline V2.
Refreshing native plugins compatible for Editor in 117.71 ms, found 0 plugins.
Preloading 0 native plugins for Editor in 0.00 ms.
Initialize engine version: 2020.2.2f1 (068178b99f32)
[Subsystems] Discovering subsystems at path C:/Program Files/Unity/Hub/Editor/2020.2.2f1/Editor/Data/Resources/UnitySubsystems
[Subsystems] Discovering subsystems at path C:/Users/samle/OneDrive/Documents/GitHub/ProceduralAnimation/Assets
GfxDevice: creating device client; threaded=0
Direct3D:
    Version:  Direct3D 11.0 [level 11.1]
    Renderer: NVIDIA GeForce GTX 1650 (ID=0x1f91)
    Vendor:   
    VRAM:     3964 MB
    Driver:   27.21.14.5751
Initialize mono
Mono path[0] = 'C:/Program Files/Unity/Hub/Editor/2020.2.2f1/Editor/Data/Managed'
Mono path[1] = 'C:/Program Files/Unity/Hub/Editor/2020.2.2f1/Editor/Data/MonoBleedingEdge/lib/mono/unityjit'
Mono config path = 'C:/Program Files/Unity/Hub/Editor/2020.2.2f1/Editor/Data/MonoBleedingEdge/etc'
Using monoOptions --debugger-agent=transport=dt_socket,embedding=1,server=y,suspend=n,address=127.0.0.1:56520
Begin MonoManager ReloadAssembly
Registering precompiled unity dll's ...
Register platform support module: C:/Program Files/Unity/Hub/Editor/2020.2.2f1/Editor/Data/PlaybackEngines/WindowsStandaloneSupport/UnityEditor.WindowsStandalone.Extensions.dll
Registered in 0.001975 seconds.
Native extension for WindowsStandalone target not found
Refreshing native plugins compatible for Editor in 104.37 ms, found 0 plugins.
Preloading 0 native plugins for Editor in 0.00 ms.
Invoked RoslynAnalysisRunner static constructor.
RoslynAnalysisRunner will not be running.
RoslynAnalysisRunner has terminated.
Mono: successfully reloaded assembly
- Completed reload, in  1.064 seconds
Platform modules already initialized, skipping
Registering precompiled user dll's ...
Registered in 0.002540 seconds.
Begin MonoManager ReloadAssembly
Native extension for WindowsStandalone target not found
Refreshing native plugins compatible for Editor in 106.22 ms, found 0 plugins.
Preloading 0 native plugins for Editor in 0.00 ms.
Invoked RoslynAnalysisRunner static constructor.
RoslynAnalysisRunner will not be running.
RoslynAnalysisRunner has terminated.
Mono: successfully reloaded assembly
- Completed reload, in  1.574 seconds
Platform modules already initialized, skipping
========================================================================
Worker process is ready to serve import requests
Shader 'Universal Render Pipeline/Particles/Lit': fallback shader 'Universal Render Pipeline/Particles/SimpleLit' not found
Shader 'Universal Render Pipeline/Particles/Lit': fallback shader 'Universal Render Pipeline/Particles/SimpleLit' not found
Launched and connected shader compiler UnityShaderCompiler.exe after 0.04 seconds
Refreshing native plugins compatible for Editor in 1.06 ms, found 0 plugins.
Preloading 0 native plugins for Editor in 0.00 ms.
Unloading 2874 Unused Serialized files (Serialized files now loaded: 0)
System memory in use before: 137.5 MB.
System memory in use after: 135.5 MB.

Unloading 47 unused Assets to reduce memory usage. Loaded Objects now: 3281.
Total: 4.112400 ms (FindLiveObjects: 0.245900 ms CreateObjectMapping: 0.129000 ms MarkObjects: 2.509900 ms  DeleteObjects: 1.226800 ms)

========================================================================
Received Import Request.
  path: Assets/PolygonFantasyKingdom/Prefabs/Characters/SM_Chr_Soldier_Male_01.prefab
  artifactKey: Guid(767b276e5b6e4b14bbcd51b5a6e78ca8) Importer(815301076,1909f56bfc062723c751e8b465ee728b)
Start importing Assets/PolygonFantasyKingdom/Prefabs/Characters/SM_Chr_Soldier_Male_01.prefab using Guid(767b276e5b6e4b14bbcd51b5a6e78ca8) Importer(815301076,1909f56bfc062723c751e8b465ee728b)  -> (artifact id: '877e12ac1edb7538178f530d6bdb15c5') in 0.321065 seconds
  Import took 0.329820 seconds .

========================================================================
Received Import Request.
  Time since last request: 0.000269 seconds.
  path: Assets/PolygonFantasyKingdom/Prefabs/Characters/SM_Chr_Jester_01.prefab
  artifactKey: Guid(24e2f7a008fde164698a13a05b6918f5) Importer(815301076,1909f56bfc062723c751e8b465ee728b)
Start importing Assets/PolygonFantasyKingdom/Prefabs/Characters/SM_Chr_Jester_01.prefab using Guid(24e2f7a008fde164698a13a05b6918f5) Importer(815301076,1909f56bfc062723c751e8b465ee728b)  -> (artifact id: '19a9ccb534ece95b9ddb6f5cc6e6fff2') in 0.080724 seconds
  Import took 0.091050 seconds .

========================================================================
Received Import Request.
  Time since last request: 0.000273 seconds.
  path: Assets/PolygonFantasyKingdom/Prefabs/Characters/SM_Chr_Peasant_Male_01.prefab
  artifactKey: Guid(b3a21033f5e25ef47a403070d1d96983) Importer(815301076,1909f56bfc062723c751e8b465ee728b)
Start importing Assets/PolygonFantasyKingdom/Prefabs/Characters/SM_Chr_Peasant_Male_01.prefab using Guid(b3a21033f5e25ef47a403070d1d96983) Importer(815301076,1909f56bfc062723c751e8b465ee728b)  -> (artifact id: '6e71ef5078433e59af7418e8f06b1efb') in 0.056481 seconds
  Import took 0.065423 seconds .

========================================================================
Received Import Request.
  Time since last request: 0.000314 seconds.
  path: Assets/PolygonFantasyKingdom/Prefabs/Characters/SM_Chr_Princess_01.prefab
  artifactKey: Guid(119427e8efe54b54ea5b98536358014a) Importer(815301076,1909f56bfc062723c751e8b465ee728b)
Start importing Assets/PolygonFantasyKingdom/Prefabs/Characters/SM_Chr_Princess_01.prefab using Guid(119427e8efe54b54ea5b98536358014a) Importer(815301076,1909f56bfc062723c751e8b465ee728b)  -> (artifact id: '448a52f81b39f2d715e328f53f3a6efd') in 0.074689 seconds
  Import took 0.083169 seconds .

========================================================================
Received Import Request.
  Time since last request: 0.000257 seconds.
  path: Assets/PolygonFantasyKingdom/Prefabs/Characters/SM_Chr_Monk_01.prefab
  artifactKey: Guid(989e70245d7d4924d8758338bd26804a) Importer(815301076,1909f56bfc062723c751e8b465ee728b)
Start importing Assets/PolygonFantasyKingdom/Prefabs/Characters/SM_Chr_Monk_01.prefab using Guid(989e70245d7d4924d8758338bd26804a) Importer(815301076,1909f56bfc062723c751e8b465ee728b)  -> (artifact id: '0d830af455680bccf690db4678810ef6') in 0.059116 seconds
  Import took 0.068735 seconds .

========================================================================
Received Import Request.
  Time since last request: 0.000291 seconds.
  path: Assets/PolygonFantasyKingdom/Prefabs/Characters/SM_Chr_Mage_01.prefab
  artifactKey: Guid(e0331453113676149a9c0b2bc03e60de) Importer(815301076,1909f56bfc062723c751e8b465ee728b)
Start importing Assets/PolygonFantasyKingdom/Prefabs/Characters/SM_Chr_Mage_01.prefab using Guid(e0331453113676149a9c0b2bc03e60de) Importer(815301076,1909f56bfc062723c751e8b465ee728b)  -> (artifact id: '468507574cb54995857daf4104efb077') in 0.055016 seconds
  Import took 0.062055 seconds .

========================================================================
Received Import Request.
  Time since last request: 0.000314 seconds.
  path: Assets/PolygonFantasyKingdom/Prefabs/Characters/SM_Chr_Headsman_01.prefab
  artifactKey: Guid(dc6170fded71bf944b115160ab2cae64) Importer(815301076,1909f56bfc062723c751e8b465ee728b)
Start importing Assets/PolygonFantasyKingdom/Prefabs/Characters/SM_Chr_Headsman_01.prefab using Guid(dc6170fded71bf944b115160ab2cae64) Importer(815301076,1909f56bfc062723c751e8b465ee728b)  -> (artifact id: '47851831109706abf6355aee6bd92c07') in 0.049610 seconds
  Import took 0.056284 seconds .

========================================================================
Received Import Request.
  Time since last request: 0.000228 seconds.
  path: Assets/PolygonFantasyKingdom/Prefabs/Characters/SM_Chr_Queen_01.prefab
  artifactKey: Guid(4585a66dfd7209046a39ab9c63600129) Importer(815301076,1909f56bfc062723c751e8b465ee728b)
Start importing Assets/PolygonFantasyKingdom/Prefabs/Characters/SM_Chr_Queen_01.prefab using Guid(4585a66dfd7209046a39ab9c63600129) Importer(815301076,1909f56bfc062723c751e8b465ee728b)  -> (artifact id: 'eea92fef638be44b693f5f1306411c01') in 0.066859 seconds
  Import took 0.074125 seconds .

========================================================================
Received Import Request.
  Time since last request: 0.000287 seconds.
  path: Assets/PolygonFantasyKingdom/Prefabs/Characters/SM_Chr_Rider_01.prefab
  artifactKey: Guid(e11051163540ebf4884417f50c226d1c) Importer(815301076,1909f56bfc062723c751e8b465ee728b)
Start importing Assets/PolygonFantasyKingdom/Prefabs/Characters/SM_Chr_Rider_01.prefab using Guid(e11051163540ebf4884417f50c226d1c) Importer(815301076,1909f56bfc062723c751e8b465ee728b)  -> (artifact id: '3247551688dbbbbf2543b734a4066811') in 0.052489 seconds
  Import took 0.061044 seconds .

========================================================================
Received Import Request.
  Time since last request: 0.000269 seconds.
  path: Assets/PolygonFantasyKingdom/Prefabs/Characters
  artifactKey: Guid(261c87575100d8a419e8a2a56681257c) Importer(815301076,1909f56bfc062723c751e8b465ee728b)
Start importing Assets/PolygonFantasyKingdom/Prefabs/Characters using Guid(261c87575100d8a419e8a2a56681257c) Importer(815301076,1909f56bfc062723c751e8b465ee728b)  -> (artifact id: 'dc29c6923e89e21eab90097b328ff1a6') in 0.006613 seconds
  Import took 0.011544 seconds .

========================================================================
Received Import Request.
  Time since last request: 0.000280 seconds.
  path: Assets/PolygonFantasyKingdom/Prefabs/Characters/SM_Chr_Priest_01.prefab
  artifactKey: Guid(f30534c3df593c848ab209d140941eb4) Importer(815301076,1909f56bfc062723c751e8b465ee728b)
Start importing Assets/PolygonFantasyKingdom/Prefabs/Characters/SM_Chr_Priest_01.prefab using Guid(f30534c3df593c848ab209d140941eb4) Importer(815301076,1909f56bfc062723c751e8b465ee728b)  -> (artifact id: '1754418155999ee02e68dca9c57f924d') in 0.074163 seconds
  Import took 0.082025 seconds .

========================================================================
Received Import Request.
  Time since last request: 0.000276 seconds.
  path: Assets/PolygonFantasyKingdom/Prefabs/Characters/SM_Chr_Nun_01.prefab
  artifactKey: Guid(2154df2b1029fce44a5ed87edcaa0546) Importer(815301076,1909f56bfc062723c751e8b465ee728b)
Start importing Assets/PolygonFantasyKingdom/Prefabs/Characters/SM_Chr_Nun_01.prefab using Guid(2154df2b1029fce44a5ed87edcaa0546) Importer(815301076,1909f56bfc062723c751e8b465ee728b)  -> (artifact id: '138f84beec5b910d86a0a12b205370e3') in 0.054538 seconds
  Import took 0.062382 seconds .

========================================================================
Received Import Request.
  Time since last request: 0.000326 seconds.
  path: Assets/PolygonFantasyKingdom/Prefabs/Characters/SM_Chr_Blacksmith_Female_01.prefab
  artifactKey: Guid(a129c7755e4c7d843b98bfa2af4b3fb2) Importer(815301076,1909f56bfc062723c751e8b465ee728b)
Start importing Assets/PolygonFantasyKingdom/Prefabs/Characters/SM_Chr_Blacksmith_Female_01.prefab using Guid(a129c7755e4c7d843b98bfa2af4b3fb2) Importer(815301076,1909f56bfc062723c751e8b465ee728b)  -> (artifact id: 'eda2ae7123d5f09cec643f3f061d2258') in 0.074504 seconds
  Import took 0.083130 seconds .

========================================================================
Received Import Request.
  Time since last request: 0.000184 seconds.
  path: Assets/PolygonFantasyKingdom/Prefabs/Characters/SM_Chr_King_01.prefab
  artifactKey: Guid(78bc42a4ceca0424ca04f3b7e68989ef) Importer(815301076,1909f56bfc062723c751e8b465ee728b)
Start importing Assets/PolygonFantasyKingdom/Prefabs/Characters/SM_Chr_King_01.prefab using Guid(78bc42a4ceca0424ca04f3b7e68989ef) Importer(815301076,1909f56bfc062723c751e8b465ee728b)  -> (artifact id: '174d6fb028720efb7b128246544493e5') in 0.074884 seconds
  Import took 0.083903 seconds .

========================================================================
Received Import Request.
  Time since last request: 0.000335 seconds.
  path: Assets/PolygonFantasyKingdom/Prefabs/Characters/SM_Chr_Peasant_Female_01.prefab
  artifactKey: Guid(8d458e1bc503f3b4d89e72e841681909) Importer(815301076,1909f56bfc062723c751e8b465ee728b)
Start importing Assets/PolygonFantasyKingdom/Prefabs/Characters/SM_Chr_Peasant_Female_01.prefab using Guid(8d458e1bc503f3b4d89e72e841681909) Importer(815301076,1909f56bfc062723c751e8b465ee728b)  -> (artifact id: '87a8b0d37423aac923d1b34e7357f2a4') in 0.065424 seconds
  Import took 0.074049 seconds .

========================================================================
Received Import Request.
  Time since last request: 0.000276 seconds.
  path: Assets/PolygonFantasyKingdom/Prefabs/Characters/SM_Chr_Merchant_01.prefab
  artifactKey: Guid(4f671f96ada2b43438b517dbc501e523) Importer(815301076,1909f56bfc062723c751e8b465ee728b)
Start importing Assets/PolygonFantasyKingdom/Prefabs/Characters/SM_Chr_Merchant_01.prefab using Guid(4f671f96ada2b43438b517dbc501e523) Importer(815301076,1909f56bfc062723c751e8b465ee728b)  -> (artifact id: '2751960af14c182e27d2b6629b0a46c3') in 0.054727 seconds
  Import took 0.063510 seconds .

========================================================================
Received Import Request.
  Time since last request: 0.000246 seconds.
  path: Assets/PolygonFantasyKingdom/Prefabs/Characters/SM_Chr_FortuneTeller_01.prefab
  artifactKey: Guid(8549abe3859269745a95380e270df83e) Importer(815301076,1909f56bfc062723c751e8b465ee728b)
Start importing Assets/PolygonFantasyKingdom/Prefabs/Characters/SM_Chr_FortuneTeller_01.prefab using Guid(8549abe3859269745a95380e270df83e) Importer(815301076,1909f56bfc062723c751e8b465ee728b)  -> (artifact id: '96e2d8f78dfff2df07e4ee9001545ac6') in 0.054556 seconds
  Import took 0.062749 seconds .

========================================================================
Received Import Request.
  Time since last request: 0.000265 seconds.
  path: Assets/PolygonFantasyKingdom/Prefabs/Characters/SM_Chr_Prince_01.prefab
  artifactKey: Guid(a8884fa09da891440a328b0212cd9ad4) Importer(815301076,1909f56bfc062723c751e8b465ee728b)
Start importing Assets/PolygonFantasyKingdom/Prefabs/Characters/SM_Chr_Prince_01.prefab using Guid(a8884fa09da891440a328b0212cd9ad4) Importer(815301076,1909f56bfc062723c751e8b465ee728b)  -> (artifact id: '6c296f9145c324986264ce7700edb01d') in 0.063594 seconds
  Import took 0.072674 seconds .

========================================================================
Received Import Request.
  Time since last request: 0.000236 seconds.
  path: Assets/PolygonFantasyKingdom/Prefabs/Characters/SM_Chr_Soldier_Female_01.prefab
  artifactKey: Guid(128d74125a472834991824f3f72198b5) Importer(815301076,1909f56bfc062723c751e8b465ee728b)
Start importing Assets/PolygonFantasyKingdom/Prefabs/Characters/SM_Chr_Soldier_Female_01.prefab using Guid(128d74125a472834991824f3f72198b5) Importer(815301076,1909f56bfc062723c751e8b465ee728b)  -> (artifact id: 'daae463d3c6c5ba7a543de9ba8083d8a') in 0.051904 seconds
  Import took 0.060401 seconds .

========================================================================
Received Import Request.
  Time since last request: 0.000336 seconds.
  path: Assets/PolygonFantasyKingdom/Prefabs/Characters/SM_Chr_Blacksmith_Male_01.prefab
  artifactKey: Guid(f9d0bec09311bef48aa1fb044570e5de) Importer(815301076,1909f56bfc062723c751e8b465ee728b)
Start importing Assets/PolygonFantasyKingdom/Prefabs/Characters/SM_Chr_Blacksmith_Male_01.prefab using Guid(f9d0bec09311bef48aa1fb044570e5de) Importer(815301076,1909f56bfc062723c751e8b465ee728b)  -> (artifact id: 'c5c7de3ba7619f2ae32bf4605c690d15') in 0.059152 seconds
  Import took 0.067735 seconds .

========================================================================
Received Import Request.
  Time since last request: 0.000282 seconds.
  path: Assets/PolygonFantasyKingdom/Prefabs/Characters/SM_Chr_Fairy_01.prefab
  artifactKey: Guid(978a5cdcbd88a2b46903dec8fab90da9) Importer(815301076,1909f56bfc062723c751e8b465ee728b)
Start importing Assets/PolygonFantasyKingdom/Prefabs/Characters/SM_Chr_Fairy_01.prefab using Guid(978a5cdcbd88a2b46903dec8fab90da9) Importer(815301076,1909f56bfc062723c751e8b465ee728b)  -> (artifact id: '76cd0b258e62e33b21e067d61c219df7') in 0.060116 seconds
  Import took 0.068526 seconds .

========================================================================
Received Import Request.
  Time since last request: 0.000283 seconds.
  path: Assets/PolygonFantasyKingdom/Prefabs/Characters/SM_Chr_Bartender_01.prefab
  artifactKey: Guid(624582b3b65da9a45bc1d204b8a69122) Importer(815301076,1909f56bfc062723c751e8b465ee728b)
Start importing Assets/PolygonFantasyKingdom/Prefabs/Characters/SM_Chr_Bartender_01.prefab using Guid(624582b3b65da9a45bc1d204b8a69122) Importer(815301076,1909f56bfc062723c751e8b465ee728b)  -> (artifact id: 'c102bb61b4aee7912ceac2a678fe5bfd') in 0.050631 seconds
  Import took 0.058008 seconds .

========================================================================
Received Import Request.
  Time since last request: 0.000316 seconds.
  path: Assets/PolygonFantasyKingdom/Prefabs/Characters/SM_Chr_Hermit_01.prefab
  artifactKey: Guid(d5a148a3575c47145a45da3ec571473c) Importer(815301076,1909f56bfc062723c751e8b465ee728b)
Start importing Assets/PolygonFantasyKingdom/Prefabs/Characters/SM_Chr_Hermit_01.prefab using Guid(d5a148a3575c47145a45da3ec571473c) Importer(815301076,1909f56bfc062723c751e8b465ee728b)  -> (artifact id: '759314cbc7dce2fd84296fa6fa1dcc6c') in 0.049939 seconds
  Import took 0.057543 seconds .

========================================================================
Received Prepare
Registering precompiled user dll's ...
Registered in 0.002557 seconds.
Begin MonoManager ReloadAssembly
Native extension for WindowsStandalone target not found
Refreshing native plugins compatible for Editor in 1.22 ms, found 0 plugins.
Preloading 0 native plugins for Editor in 0.00 ms.
Invoked RoslynAnalysisRunner static constructor.
RoslynAnalysisRunner will not be running.
RoslynAnalysisRunner has terminated.
Mono: successfully reloaded assembly
- Completed reload, in  1.038 seconds
Platform modules already initialized, skipping
Shader 'Universal Render Pipeline/Particles/Lit': fallback shader 'Universal Render Pipeline/Particles/SimpleLit' not found
Shader 'Universal Render Pipeline/Particles/Lit': fallback shader 'Universal Render Pipeline/Particles/SimpleLit' not found
Refreshing native plugins compatible for Editor in 1.07 ms, found 0 plugins.
Preloading 0 native plugins for Editor in 0.00 ms.
Unloading 2781 Unused Serialized files (Serialized files now loaded: 0)
System memory in use before: 150.9 MB.
System memory in use after: 148.9 MB.

Unloading 42 unused Assets to reduce memory usage. Loaded Objects now: 3329.
Total: 3.674600 ms (FindLiveObjects: 0.268300 ms CreateObjectMapping: 0.138100 ms MarkObjects: 2.129100 ms  DeleteObjects: 1.138100 ms)

========================================================================
Received Prepare
Registering precompiled user dll's ...
Registered in 0.002497 seconds.
Begin MonoManager ReloadAssembly
Native extension for WindowsStandalone target not found
Refreshing native plugins compatible for Editor in 1.25 ms, found 0 plugins.
Preloading 0 native plugins for Editor in 0.00 ms.
Invoked RoslynAnalysisRunner static constructor.
RoslynAnalysisRunner will not be running.
RoslynAnalysisRunner has terminated.
Mono: successfully reloaded assembly
- Completed reload, in  1.115 seconds
Platform modules already initialized, skipping
Shader 'Universal Render Pipeline/Particles/Lit': fallback shader 'Universal Render Pipeline/Particles/SimpleLit' not found
Shader 'Universal Render Pipeline/Particles/Lit': fallback shader 'Universal Render Pipeline/Particles/SimpleLit' not found
Refreshing native plugins compatible for Editor in 1.03 ms, found 0 plugins.
Preloading 0 native plugins for Editor in 0.00 ms.
Unloading 2781 Unused Serialized files (Serialized files now loaded: 0)
System memory in use before: 151.0 MB.
System memory in use after: 148.9 MB.

Unloading 42 unused Assets to reduce memory usage. Loaded Objects now: 3331.
Total: 5.797500 ms (FindLiveObjects: 0.409300 ms CreateObjectMapping: 0.222000 ms MarkObjects: 3.367200 ms  DeleteObjects: 1.797500 ms)

AssetImportWorkerClient::OnTransportError - code=2 error=End of file
